{"C:\\Users\\chaun\\Desktop\\vue-keyBoard\\packages\\keyBoard.vue": {"path":"C:\\Users\\chaun\\Desktop\\vue-keyBoard\\packages\\keyBoard.vue","statementMap":{"0":{"start":{"line":38,"column":0},"end":{"line":38,"column":null}},"1":{"start":{"line":39,"column":0},"end":{"line":39,"column":null}},"2":{"start":{"line":40,"column":0},"end":{"line":40,"column":null}},"3":{"start":{"line":41,"column":0},"end":{"line":41,"column":null}},"4":{"start":{"line":42,"column":0},"end":{"line":42,"column":null}},"5":{"start":{"line":43,"column":0},"end":{"line":43,"column":null}},"6":{"start":{"line":44,"column":0},"end":{"line":44,"column":null}},"7":{"start":{"line":45,"column":0},"end":{"line":45,"column":null}},"8":{"start":{"line":46,"column":0},"end":{"line":46,"column":null}},"9":{"start":{"line":47,"column":0},"end":{"line":47,"column":null}},"10":{"start":{"line":51,"column":0},"end":{"line":51,"column":null}},"11":{"start":{"line":64,"column":0},"end":{"line":64,"column":null}},"12":{"start":{"line":84,"column":0},"end":{"line":84,"column":null}},"13":{"start":{"line":89,"column":0},"end":{"line":89,"column":null}},"14":{"start":{"line":90,"column":0},"end":{"line":90,"column":null}},"15":{"start":{"line":93,"column":0},"end":{"line":93,"column":null}},"16":{"start":{"line":99,"column":0},"end":{"line":99,"column":null}},"17":{"start":{"line":114,"column":0},"end":{"line":114,"column":null}},"18":{"start":{"line":116,"column":0},"end":{"line":118,"column":null}},"19":{"start":{"line":117,"column":0},"end":{"line":117,"column":null}},"20":{"start":{"line":124,"column":0},"end":{"line":124,"column":null}},"21":{"start":{"line":125,"column":0},"end":{"line":125,"column":null}},"22":{"start":{"line":128,"column":0},"end":{"line":131,"column":null}},"23":{"start":{"line":129,"column":0},"end":{"line":129,"column":null}},"24":{"start":{"line":130,"column":0},"end":{"line":130,"column":null}},"25":{"start":{"line":135,"column":0},"end":{"line":135,"column":null}},"26":{"start":{"line":136,"column":0},"end":{"line":136,"column":null}},"27":{"start":{"line":137,"column":0},"end":{"line":137,"column":null}},"28":{"start":{"line":141,"column":0},"end":{"line":141,"column":null}},"29":{"start":{"line":142,"column":0},"end":{"line":142,"column":null}},"30":{"start":{"line":143,"column":0},"end":{"line":143,"column":null}},"31":{"start":{"line":148,"column":0},"end":{"line":150,"column":null}},"32":{"start":{"line":149,"column":0},"end":{"line":149,"column":null}},"33":{"start":{"line":151,"column":0},"end":{"line":151,"column":null}},"34":{"start":{"line":154,"column":0},"end":{"line":164,"column":null}},"35":{"start":{"line":154,"column":0},"end":{"line":154,"column":null}},"36":{"start":{"line":158,"column":0},"end":{"line":158,"column":null}},"37":{"start":{"line":159,"column":0},"end":{"line":161,"column":null}},"38":{"start":{"line":160,"column":0},"end":{"line":160,"column":null}},"39":{"start":{"line":163,"column":0},"end":{"line":163,"column":null}},"40":{"start":{"line":165,"column":0},"end":{"line":165,"column":null}},"41":{"start":{"line":168,"column":0},"end":{"line":168,"column":null}},"42":{"start":{"line":170,"column":0},"end":{"line":181,"column":null}},"43":{"start":{"line":170,"column":0},"end":{"line":170,"column":null}},"44":{"start":{"line":171,"column":0},"end":{"line":180,"column":null}},"45":{"start":{"line":172,"column":0},"end":{"line":172,"column":null}},"46":{"start":{"line":176,"column":0},"end":{"line":176,"column":null}},"47":{"start":{"line":182,"column":0},"end":{"line":182,"column":null}},"48":{"start":{"line":185,"column":0},"end":{"line":185,"column":null}},"49":{"start":{"line":186,"column":0},"end":{"line":186,"column":null}},"50":{"start":{"line":191,"column":0},"end":{"line":191,"column":null}},"51":{"start":{"line":194,"column":0},"end":{"line":194,"column":null}},"52":{"start":{"line":196,"column":0},"end":{"line":196,"column":null}},"53":{"start":{"line":199,"column":0},"end":{"line":199,"column":null}},"54":{"start":{"line":201,"column":0},"end":{"line":201,"column":null}},"55":{"start":{"line":206,"column":0},"end":{"line":206,"column":null}},"56":{"start":{"line":207,"column":0},"end":{"line":207,"column":null}},"57":{"start":{"line":211,"column":0},"end":{"line":211,"column":null}},"58":{"start":{"line":215,"column":0},"end":{"line":215,"column":null}},"59":{"start":{"line":219,"column":0},"end":{"line":222,"column":null}},"60":{"start":{"line":220,"column":0},"end":{"line":220,"column":null}},"61":{"start":{"line":221,"column":0},"end":{"line":221,"column":null}}},"fnMap":{"0":{"name":"(anonymous_1)","decl":{"start":{"line":64,"column":0},"end":{"line":64,"column":null}},"loc":{"start":{"line":64,"column":0},"end":{"line":64,"column":null}}},"1":{"name":"(anonymous_2)","decl":{"start":{"line":83,"column":0},"end":{"line":83,"column":null}},"loc":{"start":{"line":83,"column":0},"end":{"line":96,"column":null}}},"2":{"name":"(anonymous_3)","decl":{"start":{"line":88,"column":0},"end":{"line":88,"column":null}},"loc":{"start":{"line":88,"column":0},"end":{"line":91,"column":null}}},"3":{"name":"(anonymous_4)","decl":{"start":{"line":92,"column":0},"end":{"line":92,"column":null}},"loc":{"start":{"line":92,"column":0},"end":{"line":94,"column":null}}},"4":{"name":"(anonymous_5)","decl":{"start":{"line":98,"column":0},"end":{"line":98,"column":null}},"loc":{"start":{"line":98,"column":0},"end":{"line":111,"column":null}}},"5":{"name":"(anonymous_6)","decl":{"start":{"line":112,"column":0},"end":{"line":112,"column":null}},"loc":{"start":{"line":112,"column":0},"end":{"line":119,"column":null}}},"6":{"name":"(anonymous_7)","decl":{"start":{"line":116,"column":0},"end":{"line":116,"column":null}},"loc":{"start":{"line":116,"column":0},"end":{"line":118,"column":null}}},"7":{"name":"(anonymous_8)","decl":{"start":{"line":122,"column":0},"end":{"line":122,"column":null}},"loc":{"start":{"line":122,"column":0},"end":{"line":132,"column":null}}},"8":{"name":"(anonymous_9)","decl":{"start":{"line":125,"column":0},"end":{"line":125,"column":null}},"loc":{"start":{"line":125,"column":0},"end":{"line":125,"column":null}}},"9":{"name":"(anonymous_10)","decl":{"start":{"line":128,"column":0},"end":{"line":128,"column":null}},"loc":{"start":{"line":128,"column":0},"end":{"line":131,"column":null}}},"10":{"name":"(anonymous_11)","decl":{"start":{"line":134,"column":0},"end":{"line":134,"column":null}},"loc":{"start":{"line":134,"column":0},"end":{"line":138,"column":null}}},"11":{"name":"(anonymous_12)","decl":{"start":{"line":140,"column":0},"end":{"line":140,"column":null}},"loc":{"start":{"line":140,"column":0},"end":{"line":144,"column":null}}},"12":{"name":"(anonymous_13)","decl":{"start":{"line":146,"column":0},"end":{"line":146,"column":null}},"loc":{"start":{"line":146,"column":0},"end":{"line":188,"column":null}}},"13":{"name":"(anonymous_14)","decl":{"start":{"line":148,"column":0},"end":{"line":148,"column":null}},"loc":{"start":{"line":148,"column":0},"end":{"line":150,"column":null}}},"14":{"name":"(anonymous_15)","decl":{"start":{"line":154,"column":0},"end":{"line":154,"column":null}},"loc":{"start":{"line":154,"column":0},"end":{"line":154,"column":null}}},"15":{"name":"(anonymous_16)","decl":{"start":{"line":159,"column":0},"end":{"line":159,"column":null}},"loc":{"start":{"line":159,"column":0},"end":{"line":161,"column":null}}},"16":{"name":"(anonymous_17)","decl":{"start":{"line":170,"column":0},"end":{"line":170,"column":null}},"loc":{"start":{"line":170,"column":0},"end":{"line":170,"column":null}}},"17":{"name":"(anonymous_18)","decl":{"start":{"line":171,"column":0},"end":{"line":171,"column":null}},"loc":{"start":{"line":171,"column":0},"end":{"line":180,"column":null}}},"18":{"name":"(anonymous_19)","decl":{"start":{"line":190,"column":0},"end":{"line":190,"column":null}},"loc":{"start":{"line":190,"column":0},"end":{"line":203,"column":null}}},"19":{"name":"(anonymous_20)","decl":{"start":{"line":205,"column":0},"end":{"line":205,"column":null}},"loc":{"start":{"line":205,"column":0},"end":{"line":208,"column":null}}},"20":{"name":"(anonymous_21)","decl":{"start":{"line":210,"column":0},"end":{"line":210,"column":null}},"loc":{"start":{"line":210,"column":0},"end":{"line":216,"column":null}}},"21":{"name":"(anonymous_22)","decl":{"start":{"line":218,"column":0},"end":{"line":218,"column":null}},"loc":{"start":{"line":218,"column":0},"end":{"line":223,"column":null}}},"22":{"name":"(anonymous_23)","decl":{"start":{"line":219,"column":0},"end":{"line":219,"column":null}},"loc":{"start":{"line":219,"column":0},"end":{"line":222,"column":null}}}},"branchMap":{"0":{"loc":{"start":{"line":116,"column":0},"end":{"line":116,"column":null}},"type":"cond-expr","locations":[{"start":{"line":116,"column":0},"end":{"line":116,"column":null}},{"start":{"line":116,"column":0},"end":{"line":118,"column":null}}]},"1":{"loc":{"start":{"line":116,"column":0},"end":{"line":116,"column":null}},"type":"binary-expr","locations":[{"start":{"line":116,"column":0},"end":{"line":116,"column":null}},{"start":{"line":116,"column":0},"end":{"line":116,"column":null}}]},"2":{"loc":{"start":{"line":130,"column":0},"end":{"line":130,"column":null}},"type":"binary-expr","locations":[{"start":{"line":130,"column":0},"end":{"line":130,"column":null}},{"start":{"line":130,"column":0},"end":{"line":130,"column":null}}]},"3":{"loc":{"start":{"line":149,"column":0},"end":{"line":149,"column":null}},"type":"cond-expr","locations":[{"start":{"line":149,"column":0},"end":{"line":149,"column":null}},{"start":{"line":149,"column":0},"end":{"line":149,"column":null}}]},"4":{"loc":{"start":{"line":153,"column":0},"end":{"line":165,"column":null}},"type":"switch","locations":[{"start":{"line":153,"column":0},"end":{"line":165,"column":null}},{"start":{"line":167,"column":0},"end":{"line":182,"column":null}},{"start":{"line":184,"column":0},"end":{"line":186,"column":null}}]},"5":{"loc":{"start":{"line":154,"column":0},"end":{"line":164,"column":null}},"type":"if","locations":[{"start":{"line":154,"column":0},"end":{"line":164,"column":null}},{"start":{"line":154,"column":0},"end":{"line":164,"column":null}}]},"6":{"loc":{"start":{"line":154,"column":0},"end":{"line":154,"column":null}},"type":"binary-expr","locations":[{"start":{"line":154,"column":0},"end":{"line":154,"column":null}},{"start":{"line":154,"column":0},"end":{"line":154,"column":null}}]},"7":{"loc":{"start":{"line":160,"column":0},"end":{"line":160,"column":null}},"type":"cond-expr","locations":[{"start":{"line":160,"column":0},"end":{"line":160,"column":null}},{"start":{"line":160,"column":0},"end":{"line":160,"column":null}}]},"8":{"loc":{"start":{"line":170,"column":0},"end":{"line":181,"column":null}},"type":"if","locations":[{"start":{"line":170,"column":0},"end":{"line":181,"column":null}},{"start":{"line":170,"column":0},"end":{"line":181,"column":null}}]},"9":{"loc":{"start":{"line":192,"column":0},"end":{"line":196,"column":null}},"type":"switch","locations":[{"start":{"line":192,"column":0},"end":{"line":196,"column":null}},{"start":{"line":197,"column":0},"end":{"line":201,"column":null}}]}},"s":{"0":1,"1":1,"2":1,"3":1,"4":1,"5":1,"6":1,"7":1,"8":1,"9":1,"10":1,"11":11,"12":11,"13":0,"14":0,"15":0,"16":11,"17":11,"18":11,"19":360,"20":11,"21":61,"22":11,"23":50,"24":50,"25":7,"26":7,"27":7,"28":1,"29":1,"30":1,"31":7,"32":7,"33":7,"34":2,"35":2,"36":1,"37":1,"38":1,"39":1,"40":2,"41":0,"42":0,"43":0,"44":0,"45":0,"46":0,"47":0,"48":5,"49":5,"50":0,"51":0,"52":0,"53":0,"54":0,"55":0,"56":0,"57":0,"58":0,"59":0,"60":0,"61":0},"f":{"0":11,"1":11,"2":0,"3":0,"4":11,"5":11,"6":360,"7":11,"8":50,"9":50,"10":7,"11":1,"12":7,"13":7,"14":2,"15":1,"16":0,"17":0,"18":0,"19":0,"20":0,"21":0,"22":0},"b":{"0":[0,11],"1":[11,11],"2":[50,46],"3":[7,14],"4":[2,0,5],"5":[1,1],"6":[2,2],"7":[1,2],"8":[0,0],"9":[0,0]}}
,"C:\\Users\\chaun\\Desktop\\vue-keyBoard\\packages\\assets\\css\\keyBoard.less": {"path":"C:\\Users\\chaun\\Desktop\\vue-keyBoard\\packages\\assets\\css\\keyBoard.less","statementMap":{"0":{"start":{"line":1,"column":0},"end":{"line":1,"column":19}}},"fnMap":{},"branchMap":{},"s":{"0":1},"f":{},"b":{},"_coverageSchema":"43e27e138ebf9cfc5966b082cf9a028302ed4184","hash":"e67a8995893d5670e6d449520648bb778c960483"}
,"C:\\Users\\chaun\\Desktop\\vue-keyBoard\\packages\\components\\default\\index.vue": {"path":"C:\\Users\\chaun\\Desktop\\vue-keyBoard\\packages\\components\\default\\index.vue","statementMap":{"0":{"start":{"line":52,"column":0},"end":{"line":52,"column":null}},"1":{"start":{"line":53,"column":0},"end":{"line":53,"column":null}},"2":{"start":{"line":54,"column":0},"end":{"line":54,"column":null}},"3":{"start":{"line":34,"column":0},"end":{"line":47,"column":null}},"4":{"start":{"line":59,"column":0},"end":{"line":59,"column":null}},"5":{"start":{"line":77,"column":0},"end":{"line":77,"column":null}},"6":{"start":{"line":78,"column":0},"end":{"line":80,"column":null}},"7":{"start":{"line":79,"column":0},"end":{"line":79,"column":null}},"8":{"start":{"line":85,"column":0},"end":{"line":85,"column":null}},"9":{"start":{"line":86,"column":0},"end":{"line":91,"column":null}},"10":{"start":{"line":86,"column":0},"end":{"line":86,"column":null}},"11":{"start":{"line":87,"column":0},"end":{"line":87,"column":null}},"12":{"start":{"line":95,"column":0},"end":{"line":95,"column":null}},"13":{"start":{"line":99,"column":0},"end":{"line":99,"column":null}},"14":{"start":{"line":100,"column":0},"end":{"line":100,"column":null}},"15":{"start":{"line":102,"column":0},"end":{"line":102,"column":null}},"16":{"start":{"line":106,"column":0},"end":{"line":106,"column":null}},"17":{"start":{"line":107,"column":0},"end":{"line":107,"column":null}},"18":{"start":{"line":109,"column":0},"end":{"line":109,"column":null}},"19":{"start":{"line":113,"column":0},"end":{"line":113,"column":null}},"20":{"start":{"line":115,"column":0},"end":{"line":117,"column":null}},"21":{"start":{"line":116,"column":0},"end":{"line":116,"column":null}},"22":{"start":{"line":119,"column":0},"end":{"line":119,"column":null}},"23":{"start":{"line":123,"column":0},"end":{"line":123,"column":null}},"24":{"start":{"line":124,"column":0},"end":{"line":124,"column":null}},"25":{"start":{"line":125,"column":0},"end":{"line":144,"column":null}},"26":{"start":{"line":126,"column":0},"end":{"line":126,"column":null}},"27":{"start":{"line":127,"column":0},"end":{"line":127,"column":null}},"28":{"start":{"line":128,"column":0},"end":{"line":131,"column":null}},"29":{"start":{"line":128,"column":0},"end":{"line":128,"column":null}},"30":{"start":{"line":129,"column":0},"end":{"line":129,"column":null}},"31":{"start":{"line":130,"column":0},"end":{"line":130,"column":null}},"32":{"start":{"line":132,"column":0},"end":{"line":132,"column":null}},"33":{"start":{"line":138,"column":0},"end":{"line":138,"column":null}},"34":{"start":{"line":139,"column":0},"end":{"line":139,"column":null}},"35":{"start":{"line":146,"column":0},"end":{"line":146,"column":null}},"36":{"start":{"line":150,"column":0},"end":{"line":150,"column":null}},"37":{"start":{"line":151,"column":0},"end":{"line":165,"column":null}},"38":{"start":{"line":152,"column":0},"end":{"line":152,"column":null}},"39":{"start":{"line":153,"column":0},"end":{"line":153,"column":null}},"40":{"start":{"line":159,"column":0},"end":{"line":159,"column":null}},"41":{"start":{"line":160,"column":0},"end":{"line":160,"column":null}},"42":{"start":{"line":167,"column":0},"end":{"line":167,"column":null}},"43":{"start":{"line":173,"column":0},"end":{"line":184,"column":null}},"44":{"start":{"line":174,"column":0},"end":{"line":174,"column":null}},"45":{"start":{"line":175,"column":0},"end":{"line":175,"column":null}},"46":{"start":{"line":177,"column":0},"end":{"line":179,"column":null}},"47":{"start":{"line":178,"column":0},"end":{"line":178,"column":null}},"48":{"start":{"line":180,"column":0},"end":{"line":180,"column":null}},"49":{"start":{"line":186,"column":0},"end":{"line":186,"column":null}},"50":{"start":{"line":190,"column":0},"end":{"line":196,"column":null}},"51":{"start":{"line":191,"column":0},"end":{"line":191,"column":null}},"52":{"start":{"line":192,"column":0},"end":{"line":192,"column":null}},"53":{"start":{"line":195,"column":0},"end":{"line":195,"column":null}},"54":{"start":{"line":198,"column":0},"end":{"line":198,"column":null}}},"fnMap":{"0":{"name":"(anonymous_1)","decl":{"start":{"line":58,"column":0},"end":{"line":58,"column":null}},"loc":{"start":{"line":58,"column":0},"end":{"line":75,"column":null}}},"1":{"name":"(anonymous_2)","decl":{"start":{"line":76,"column":0},"end":{"line":76,"column":null}},"loc":{"start":{"line":76,"column":0},"end":{"line":81,"column":null}}},"2":{"name":"(anonymous_3)","decl":{"start":{"line":78,"column":0},"end":{"line":78,"column":null}},"loc":{"start":{"line":78,"column":0},"end":{"line":80,"column":null}}},"3":{"name":"(anonymous_4)","decl":{"start":{"line":84,"column":0},"end":{"line":84,"column":null}},"loc":{"start":{"line":84,"column":0},"end":{"line":92,"column":null}}},"4":{"name":"(anonymous_5)","decl":{"start":{"line":86,"column":0},"end":{"line":86,"column":null}},"loc":{"start":{"line":86,"column":0},"end":{"line":86,"column":null}}},"5":{"name":"(anonymous_6)","decl":{"start":{"line":94,"column":0},"end":{"line":94,"column":null}},"loc":{"start":{"line":94,"column":0},"end":{"line":200,"column":null}}},"6":{"name":"(anonymous_7)","decl":{"start":{"line":128,"column":0},"end":{"line":128,"column":null}},"loc":{"start":{"line":128,"column":0},"end":{"line":128,"column":null}}}},"branchMap":{"0":{"loc":{"start":{"line":78,"column":0},"end":{"line":78,"column":null}},"type":"cond-expr","locations":[{"start":{"line":78,"column":0},"end":{"line":78,"column":null}},{"start":{"line":78,"column":0},"end":{"line":80,"column":null}}]},"1":{"loc":{"start":{"line":78,"column":0},"end":{"line":78,"column":null}},"type":"binary-expr","locations":[{"start":{"line":78,"column":0},"end":{"line":78,"column":null}},{"start":{"line":78,"column":0},"end":{"line":78,"column":null}}]},"2":{"loc":{"start":{"line":86,"column":0},"end":{"line":91,"column":null}},"type":"if","locations":[{"start":{"line":86,"column":0},"end":{"line":91,"column":null}},{"start":{"line":86,"column":0},"end":{"line":91,"column":null}}]},"3":{"loc":{"start":{"line":86,"column":0},"end":{"line":86,"column":null}},"type":"binary-expr","locations":[{"start":{"line":86,"column":0},"end":{"line":86,"column":null}},{"start":{"line":86,"column":0},"end":{"line":86,"column":null}}]},"4":{"loc":{"start":{"line":97,"column":0},"end":{"line":102,"column":null}},"type":"switch","locations":[{"start":{"line":97,"column":0},"end":{"line":102,"column":null}},{"start":{"line":104,"column":0},"end":{"line":109,"column":null}},{"start":{"line":111,"column":0},"end":{"line":119,"column":null}},{"start":{"line":121,"column":0},"end":{"line":146,"column":null}},{"start":{"line":148,"column":0},"end":{"line":167,"column":null}},{"start":{"line":169,"column":0},"end":{"line":169,"column":null}},{"start":{"line":170,"column":0},"end":{"line":186,"column":null}},{"start":{"line":187,"column":0},"end":{"line":198,"column":null}}]},"5":{"loc":{"start":{"line":115,"column":0},"end":{"line":117,"column":null}},"type":"if","locations":[{"start":{"line":115,"column":0},"end":{"line":117,"column":null}},{"start":{"line":115,"column":0},"end":{"line":117,"column":null}}]},"6":{"loc":{"start":{"line":115,"column":0},"end":{"line":115,"column":null}},"type":"binary-expr","locations":[{"start":{"line":115,"column":0},"end":{"line":115,"column":null}},{"start":{"line":115,"column":0},"end":{"line":115,"column":null}}]},"7":{"loc":{"start":{"line":116,"column":0},"end":{"line":116,"column":null}},"type":"cond-expr","locations":[{"start":{"line":116,"column":0},"end":{"line":116,"column":null}},{"start":{"line":116,"column":0},"end":{"line":116,"column":null}}]},"8":{"loc":{"start":{"line":125,"column":0},"end":{"line":144,"column":null}},"type":"if","locations":[{"start":{"line":125,"column":0},"end":{"line":144,"column":null}},{"start":{"line":125,"column":0},"end":{"line":144,"column":null}}]},"9":{"loc":{"start":{"line":126,"column":0},"end":{"line":126,"column":null}},"type":"cond-expr","locations":[{"start":{"line":126,"column":0},"end":{"line":126,"column":null}},{"start":{"line":126,"column":0},"end":{"line":126,"column":null}}]},"10":{"loc":{"start":{"line":128,"column":0},"end":{"line":131,"column":null}},"type":"if","locations":[{"start":{"line":128,"column":0},"end":{"line":131,"column":null}},{"start":{"line":128,"column":0},"end":{"line":131,"column":null}}]},"11":{"loc":{"start":{"line":138,"column":0},"end":{"line":138,"column":null}},"type":"cond-expr","locations":[{"start":{"line":138,"column":0},"end":{"line":138,"column":null}},{"start":{"line":138,"column":0},"end":{"line":138,"column":null}}]},"12":{"loc":{"start":{"line":151,"column":0},"end":{"line":165,"column":null}},"type":"if","locations":[{"start":{"line":151,"column":0},"end":{"line":165,"column":null}},{"start":{"line":151,"column":0},"end":{"line":165,"column":null}}]},"13":{"loc":{"start":{"line":152,"column":0},"end":{"line":152,"column":null}},"type":"cond-expr","locations":[{"start":{"line":152,"column":0},"end":{"line":152,"column":null}},{"start":{"line":152,"column":0},"end":{"line":152,"column":null}}]},"14":{"loc":{"start":{"line":159,"column":0},"end":{"line":159,"column":null}},"type":"cond-expr","locations":[{"start":{"line":159,"column":0},"end":{"line":159,"column":null}},{"start":{"line":159,"column":0},"end":{"line":159,"column":null}}]},"15":{"loc":{"start":{"line":173,"column":0},"end":{"line":184,"column":null}},"type":"if","locations":[{"start":{"line":173,"column":0},"end":{"line":184,"column":null}},{"start":{"line":173,"column":0},"end":{"line":184,"column":null}}]},"16":{"loc":{"start":{"line":173,"column":0},"end":{"line":173,"column":null}},"type":"binary-expr","locations":[{"start":{"line":173,"column":0},"end":{"line":173,"column":null}},{"start":{"line":173,"column":0},"end":{"line":173,"column":null}},{"start":{"line":173,"column":0},"end":{"line":173,"column":null}}]},"17":{"loc":{"start":{"line":177,"column":0},"end":{"line":179,"column":null}},"type":"if","locations":[{"start":{"line":177,"column":0},"end":{"line":179,"column":null}},{"start":{"line":177,"column":0},"end":{"line":179,"column":null}}]},"18":{"loc":{"start":{"line":178,"column":0},"end":{"line":178,"column":null}},"type":"cond-expr","locations":[{"start":{"line":178,"column":0},"end":{"line":178,"column":null}},{"start":{"line":178,"column":0},"end":{"line":178,"column":null}}]},"19":{"loc":{"start":{"line":190,"column":0},"end":{"line":196,"column":null}},"type":"if","locations":[{"start":{"line":190,"column":0},"end":{"line":196,"column":null}},{"start":{"line":190,"column":0},"end":{"line":196,"column":null}}]},"20":{"loc":{"start":{"line":190,"column":0},"end":{"line":190,"column":null}},"type":"binary-expr","locations":[{"start":{"line":190,"column":0},"end":{"line":190,"column":null}},{"start":{"line":190,"column":0},"end":{"line":190,"column":null}},{"start":{"line":190,"column":0},"end":{"line":190,"column":null}}]}},"s":{"0":2,"1":2,"2":2,"3":2,"4":19,"5":19,"6":19,"7":278,"8":19,"9":19,"10":19,"11":4,"12":9,"13":1,"14":1,"15":1,"16":1,"17":1,"18":1,"19":1,"20":1,"21":1,"22":1,"23":2,"24":2,"25":2,"26":2,"27":2,"28":2,"29":4,"30":0,"31":0,"32":2,"33":0,"34":0,"35":2,"36":1,"37":1,"38":1,"39":1,"40":0,"41":0,"42":1,"43":2,"44":0,"45":0,"46":2,"47":1,"48":2,"49":2,"50":1,"51":1,"52":1,"53":0,"54":1},"f":{"0":19,"1":19,"2":278,"3":19,"4":19,"5":9,"6":4},"b":{"0":[10,9],"1":[19,19],"2":[4,15],"3":[19,19],"4":[1,1,1,2,1,1,2,1],"5":[1,0],"6":[1,1],"7":[2,1],"8":[2,0],"9":[4,2],"10":[0,2],"11":[0,0],"12":[1,0],"13":[2,1],"14":[0,0],"15":[0,2],"16":[2,2,1],"17":[1,1],"18":[2,1],"19":[1,0],"20":[1,1,1]}}
,"C:\\Users\\chaun\\Desktop\\vue-keyBoard\\packages\\components\\handBoards\\index.vue": {"path":"C:\\Users\\chaun\\Desktop\\vue-keyBoard\\packages\\components\\handBoards\\index.vue","statementMap":{"0":{"start":{"line":21,"column":0},"end":{"line":21,"column":null}},"1":{"start":{"line":22,"column":0},"end":{"line":22,"column":null}},"2":{"start":{"line":27,"column":0},"end":{"line":27,"column":null}},"3":{"start":{"line":53,"column":0},"end":{"line":53,"column":null}},"4":{"start":{"line":57,"column":0},"end":{"line":57,"column":null}},"5":{"start":{"line":59,"column":0},"end":{"line":59,"column":null}},"6":{"start":{"line":63,"column":0},"end":{"line":63,"column":null}},"7":{"start":{"line":64,"column":0},"end":{"line":64,"column":null}},"8":{"start":{"line":66,"column":0},"end":{"line":66,"column":null}},"9":{"start":{"line":70,"column":0},"end":{"line":70,"column":null}},"10":{"start":{"line":72,"column":0},"end":{"line":72,"column":null}},"11":{"start":{"line":76,"column":0},"end":{"line":76,"column":null}},"12":{"start":{"line":81,"column":0},"end":{"line":81,"column":null}}},"fnMap":{"0":{"name":"(anonymous_1)","decl":{"start":{"line":26,"column":0},"end":{"line":26,"column":null}},"loc":{"start":{"line":26,"column":0},"end":{"line":50,"column":null}}},"1":{"name":"(anonymous_2)","decl":{"start":{"line":52,"column":0},"end":{"line":52,"column":null}},"loc":{"start":{"line":52,"column":0},"end":{"line":83,"column":null}}}},"branchMap":{"0":{"loc":{"start":{"line":55,"column":0},"end":{"line":59,"column":null}},"type":"switch","locations":[{"start":{"line":55,"column":0},"end":{"line":59,"column":null}},{"start":{"line":61,"column":0},"end":{"line":66,"column":null}},{"start":{"line":68,"column":0},"end":{"line":72,"column":null}},{"start":{"line":74,"column":0},"end":{"line":81,"column":null}}]},"1":{"loc":{"start":{"line":64,"column":0},"end":{"line":64,"column":null}},"type":"cond-expr","locations":[{"start":{"line":64,"column":0},"end":{"line":64,"column":null}},{"start":{"line":64,"column":0},"end":{"line":64,"column":null}}]}},"s":{"0":2,"1":2,"2":8,"3":4,"4":1,"5":1,"6":1,"7":1,"8":1,"9":1,"10":1,"11":1,"12":1},"f":{"0":8,"1":4},"b":{"0":[1,1,1,1],"1":[2,1]}}
,"C:\\Users\\chaun\\Desktop\\vue-keyBoard\\packages\\components\\handBoards\\paintBoard.vue": {"path":"C:\\Users\\chaun\\Desktop\\vue-keyBoard\\packages\\components\\handBoards\\paintBoard.vue","statementMap":{"0":{"start":{"line":19,"column":0},"end":{"line":19,"column":null}},"1":{"start":{"line":27,"column":0},"end":{"line":27,"column":null}},"2":{"start":{"line":58,"column":0},"end":{"line":58,"column":null}},"3":{"start":{"line":60,"column":0},"end":{"line":62,"column":null}},"4":{"start":{"line":61,"column":0},"end":{"line":61,"column":null}},"5":{"start":{"line":66,"column":0},"end":{"line":66,"column":null}},"6":{"start":{"line":67,"column":0},"end":{"line":67,"column":null}},"7":{"start":{"line":68,"column":0},"end":{"line":68,"column":null}},"8":{"start":{"line":69,"column":0},"end":{"line":69,"column":null}},"9":{"start":{"line":70,"column":0},"end":{"line":70,"column":null}},"10":{"start":{"line":71,"column":0},"end":{"line":71,"column":null}},"11":{"start":{"line":72,"column":0},"end":{"line":72,"column":null}},"12":{"start":{"line":76,"column":0},"end":{"line":87,"column":null}},"13":{"start":{"line":77,"column":0},"end":{"line":77,"column":null}},"14":{"start":{"line":78,"column":0},"end":{"line":78,"column":null}},"15":{"start":{"line":79,"column":0},"end":{"line":79,"column":null}},"16":{"start":{"line":80,"column":0},"end":{"line":80,"column":null}},"17":{"start":{"line":81,"column":0},"end":{"line":81,"column":null}},"18":{"start":{"line":84,"column":0},"end":{"line":84,"column":null}},"19":{"start":{"line":91,"column":0},"end":{"line":91,"column":null}},"20":{"start":{"line":92,"column":0},"end":{"line":92,"column":null}},"21":{"start":{"line":93,"column":0},"end":{"line":93,"column":null}},"22":{"start":{"line":94,"column":0},"end":{"line":94,"column":null}},"23":{"start":{"line":95,"column":0},"end":{"line":95,"column":null}},"24":{"start":{"line":99,"column":0},"end":{"line":99,"column":null}},"25":{"start":{"line":100,"column":0},"end":{"line":100,"column":null}},"26":{"start":{"line":106,"column":0},"end":{"line":106,"column":null}},"27":{"start":{"line":107,"column":0},"end":{"line":107,"column":null}},"28":{"start":{"line":113,"column":0},"end":{"line":113,"column":null}},"29":{"start":{"line":114,"column":0},"end":{"line":114,"column":null}},"30":{"start":{"line":115,"column":0},"end":{"line":115,"column":null}},"31":{"start":{"line":116,"column":0},"end":{"line":116,"column":null}},"32":{"start":{"line":117,"column":0},"end":{"line":117,"column":null}},"33":{"start":{"line":118,"column":0},"end":{"line":118,"column":null}},"34":{"start":{"line":119,"column":0},"end":{"line":119,"column":null}},"35":{"start":{"line":120,"column":0},"end":{"line":120,"column":null}},"36":{"start":{"line":124,"column":0},"end":{"line":124,"column":null}},"37":{"start":{"line":125,"column":0},"end":{"line":125,"column":null}},"38":{"start":{"line":126,"column":0},"end":{"line":142,"column":null}},"39":{"start":{"line":127,"column":0},"end":{"line":127,"column":null}},"40":{"start":{"line":128,"column":0},"end":{"line":128,"column":null}},"41":{"start":{"line":129,"column":0},"end":{"line":129,"column":null}},"42":{"start":{"line":130,"column":0},"end":{"line":130,"column":null}},"43":{"start":{"line":131,"column":0},"end":{"line":131,"column":null}},"44":{"start":{"line":133,"column":0},"end":{"line":133,"column":null}},"45":{"start":{"line":134,"column":0},"end":{"line":134,"column":null}},"46":{"start":{"line":135,"column":0},"end":{"line":135,"column":null}},"47":{"start":{"line":136,"column":0},"end":{"line":136,"column":null}},"48":{"start":{"line":137,"column":0},"end":{"line":137,"column":null}},"49":{"start":{"line":138,"column":0},"end":{"line":138,"column":null}},"50":{"start":{"line":139,"column":0},"end":{"line":139,"column":null}},"51":{"start":{"line":140,"column":0},"end":{"line":140,"column":null}},"52":{"start":{"line":141,"column":0},"end":{"line":141,"column":null}},"53":{"start":{"line":146,"column":0},"end":{"line":155,"column":null}},"54":{"start":{"line":147,"column":0},"end":{"line":147,"column":null}},"55":{"start":{"line":148,"column":0},"end":{"line":150,"column":null}},"56":{"start":{"line":149,"column":0},"end":{"line":149,"column":null}},"57":{"start":{"line":152,"column":0},"end":{"line":152,"column":null}},"58":{"start":{"line":153,"column":0},"end":{"line":153,"column":null}},"59":{"start":{"line":154,"column":0},"end":{"line":154,"column":null}},"60":{"start":{"line":159,"column":0},"end":{"line":159,"column":null}},"61":{"start":{"line":160,"column":0},"end":{"line":160,"column":null}}},"fnMap":{"0":{"name":"(anonymous_1)","decl":{"start":{"line":26,"column":0},"end":{"line":26,"column":null}},"loc":{"start":{"line":26,"column":0},"end":{"line":55,"column":null}}},"1":{"name":"(anonymous_2)","decl":{"start":{"line":56,"column":0},"end":{"line":56,"column":null}},"loc":{"start":{"line":56,"column":0},"end":{"line":63,"column":null}}},"2":{"name":"(anonymous_3)","decl":{"start":{"line":60,"column":0},"end":{"line":60,"column":null}},"loc":{"start":{"line":60,"column":0},"end":{"line":62,"column":null}}},"3":{"name":"(anonymous_4)","decl":{"start":{"line":65,"column":0},"end":{"line":65,"column":null}},"loc":{"start":{"line":65,"column":0},"end":{"line":73,"column":null}}},"4":{"name":"(anonymous_5)","decl":{"start":{"line":75,"column":0},"end":{"line":75,"column":null}},"loc":{"start":{"line":75,"column":0},"end":{"line":88,"column":null}}},"5":{"name":"(anonymous_6)","decl":{"start":{"line":76,"column":0},"end":{"line":76,"column":null}},"loc":{"start":{"line":76,"column":0},"end":{"line":87,"column":null}}},"6":{"name":"(anonymous_7)","decl":{"start":{"line":90,"column":0},"end":{"line":90,"column":null}},"loc":{"start":{"line":90,"column":0},"end":{"line":96,"column":null}}},"7":{"name":"(anonymous_8)","decl":{"start":{"line":98,"column":0},"end":{"line":98,"column":null}},"loc":{"start":{"line":98,"column":0},"end":{"line":103,"column":null}}},"8":{"name":"(anonymous_9)","decl":{"start":{"line":105,"column":0},"end":{"line":105,"column":null}},"loc":{"start":{"line":105,"column":0},"end":{"line":110,"column":null}}},"9":{"name":"(anonymous_10)","decl":{"start":{"line":112,"column":0},"end":{"line":112,"column":null}},"loc":{"start":{"line":112,"column":0},"end":{"line":121,"column":null}}},"10":{"name":"(anonymous_11)","decl":{"start":{"line":123,"column":0},"end":{"line":123,"column":null}},"loc":{"start":{"line":123,"column":0},"end":{"line":143,"column":null}}},"11":{"name":"(anonymous_12)","decl":{"start":{"line":145,"column":0},"end":{"line":145,"column":null}},"loc":{"start":{"line":145,"column":0},"end":{"line":156,"column":null}}},"12":{"name":"(anonymous_13)","decl":{"start":{"line":148,"column":0},"end":{"line":148,"column":null}},"loc":{"start":{"line":148,"column":0},"end":{"line":150,"column":null}}},"13":{"name":"(anonymous_14)","decl":{"start":{"line":158,"column":0},"end":{"line":158,"column":null}},"loc":{"start":{"line":158,"column":0},"end":{"line":161,"column":null}}}},"branchMap":{"0":{"loc":{"start":{"line":60,"column":0},"end":{"line":60,"column":null}},"type":"cond-expr","locations":[{"start":{"line":60,"column":0},"end":{"line":60,"column":null}},{"start":{"line":60,"column":0},"end":{"line":62,"column":null}}]},"1":{"loc":{"start":{"line":60,"column":0},"end":{"line":60,"column":null}},"type":"binary-expr","locations":[{"start":{"line":60,"column":0},"end":{"line":60,"column":null}},{"start":{"line":60,"column":0},"end":{"line":60,"column":null}}]},"2":{"loc":{"start":{"line":77,"column":0},"end":{"line":77,"column":null}},"type":"if","locations":[{"start":{"line":77,"column":0},"end":{"line":77,"column":null}},{"start":{"line":77,"column":0},"end":{"line":77,"column":null}}]},"3":{"loc":{"start":{"line":91,"column":0},"end":{"line":91,"column":null}},"type":"if","locations":[{"start":{"line":91,"column":0},"end":{"line":91,"column":null}},{"start":{"line":91,"column":0},"end":{"line":91,"column":null}}]},"4":{"loc":{"start":{"line":99,"column":0},"end":{"line":99,"column":null}},"type":"if","locations":[{"start":{"line":99,"column":0},"end":{"line":99,"column":null}},{"start":{"line":99,"column":0},"end":{"line":99,"column":null}}]},"5":{"loc":{"start":{"line":99,"column":0},"end":{"line":99,"column":null}},"type":"binary-expr","locations":[{"start":{"line":99,"column":0},"end":{"line":99,"column":null}},{"start":{"line":99,"column":0},"end":{"line":99,"column":null}},{"start":{"line":99,"column":0},"end":{"line":99,"column":null}}]},"6":{"loc":{"start":{"line":100,"column":0},"end":{"line":100,"column":null}},"type":"binary-expr","locations":[{"start":{"line":100,"column":0},"end":{"line":100,"column":null}},{"start":{"line":100,"column":0},"end":{"line":100,"column":null}}]},"7":{"loc":{"start":{"line":106,"column":0},"end":{"line":106,"column":null}},"type":"if","locations":[{"start":{"line":106,"column":0},"end":{"line":106,"column":null}},{"start":{"line":106,"column":0},"end":{"line":106,"column":null}}]},"8":{"loc":{"start":{"line":106,"column":0},"end":{"line":106,"column":null}},"type":"binary-expr","locations":[{"start":{"line":106,"column":0},"end":{"line":106,"column":null}},{"start":{"line":106,"column":0},"end":{"line":106,"column":null}},{"start":{"line":106,"column":0},"end":{"line":106,"column":null}}]},"9":{"loc":{"start":{"line":107,"column":0},"end":{"line":107,"column":null}},"type":"binary-expr","locations":[{"start":{"line":107,"column":0},"end":{"line":107,"column":null}},{"start":{"line":107,"column":0},"end":{"line":107,"column":null}}]},"10":{"loc":{"start":{"line":113,"column":0},"end":{"line":113,"column":null}},"type":"if","locations":[{"start":{"line":113,"column":0},"end":{"line":113,"column":null}},{"start":{"line":113,"column":0},"end":{"line":113,"column":null}}]},"11":{"loc":{"start":{"line":124,"column":0},"end":{"line":124,"column":null}},"type":"if","locations":[{"start":{"line":124,"column":0},"end":{"line":124,"column":null}},{"start":{"line":124,"column":0},"end":{"line":124,"column":null}}]},"12":{"loc":{"start":{"line":126,"column":0},"end":{"line":142,"column":null}},"type":"if","locations":[{"start":{"line":126,"column":0},"end":{"line":142,"column":null}},{"start":{"line":126,"column":0},"end":{"line":142,"column":null}}]},"13":{"loc":{"start":{"line":146,"column":0},"end":{"line":155,"column":null}},"type":"if","locations":[{"start":{"line":146,"column":0},"end":{"line":155,"column":null}},{"start":{"line":146,"column":0},"end":{"line":155,"column":null}}]},"14":{"loc":{"start":{"line":160,"column":0},"end":{"line":160,"column":null}},"type":"cond-expr","locations":[{"start":{"line":160,"column":0},"end":{"line":160,"column":null}},{"start":{"line":160,"column":0},"end":{"line":160,"column":null}}]}},"s":{"0":2,"1":8,"2":8,"3":8,"4":38,"5":8,"6":8,"7":8,"8":8,"9":8,"10":8,"11":8,"12":46,"13":53,"14":39,"15":39,"16":39,"17":39,"18":39,"19":8,"20":8,"21":8,"22":8,"23":8,"24":8,"25":0,"26":8,"27":0,"28":2,"29":2,"30":2,"31":2,"32":2,"33":2,"34":2,"35":2,"36":2,"37":2,"38":2,"39":2,"40":2,"41":2,"42":2,"43":2,"44":2,"45":2,"46":2,"47":2,"48":2,"49":2,"50":2,"51":2,"52":2,"53":2,"54":2,"55":2,"56":0,"57":2,"58":2,"59":2,"60":2,"61":0},"f":{"0":8,"1":8,"2":38,"3":8,"4":46,"5":46,"6":8,"7":4,"8":4,"9":2,"10":2,"11":2,"12":0,"13":2},"b":{"0":[7,1],"1":[8,8],"2":[7,39],"3":[8,16],"4":[4,0],"5":[4,4,2],"6":[0,0],"7":[4,0],"8":[4,4,2],"9":[0,0],"10":[0,2],"11":[0,2],"12":[2,0],"13":[2,0],"14":[0,0]}}
,"C:\\Users\\chaun\\Desktop\\vue-keyBoard\\packages\\components\\keyCodeButtton\\index.vue": {"path":"C:\\Users\\chaun\\Desktop\\vue-keyBoard\\packages\\components\\keyCodeButtton\\index.vue","statementMap":{"0":{"start":{"line":33,"column":0},"end":{"line":33,"column":null}},"1":{"start":{"line":45,"column":0},"end":{"line":45,"column":null}},"2":{"start":{"line":52,"column":0},"end":{"line":54,"column":null}},"3":{"start":{"line":53,"column":0},"end":{"line":53,"column":null}},"4":{"start":{"line":55,"column":0},"end":{"line":55,"column":null}},"5":{"start":{"line":58,"column":0},"end":{"line":73,"column":null}},"6":{"start":{"line":64,"column":0},"end":{"line":64,"column":null}},"7":{"start":{"line":69,"column":0},"end":{"line":69,"column":null}},"8":{"start":{"line":78,"column":0},"end":{"line":78,"column":null}},"9":{"start":{"line":79,"column":0},"end":{"line":79,"column":null}}},"fnMap":{"0":{"name":"(anonymous_1)","decl":{"start":{"line":44,"column":0},"end":{"line":44,"column":null}},"loc":{"start":{"line":44,"column":0},"end":{"line":48,"column":null}}},"1":{"name":"(anonymous_2)","decl":{"start":{"line":51,"column":0},"end":{"line":51,"column":null}},"loc":{"start":{"line":51,"column":0},"end":{"line":56,"column":null}}},"2":{"name":"(anonymous_3)","decl":{"start":{"line":57,"column":0},"end":{"line":57,"column":null}},"loc":{"start":{"line":57,"column":0},"end":{"line":74,"column":null}}},"3":{"name":"(anonymous_4)","decl":{"start":{"line":77,"column":0},"end":{"line":77,"column":null}},"loc":{"start":{"line":77,"column":0},"end":{"line":83,"column":null}}}},"branchMap":{"0":{"loc":{"start":{"line":52,"column":0},"end":{"line":54,"column":null}},"type":"if","locations":[{"start":{"line":52,"column":0},"end":{"line":54,"column":null}},{"start":{"line":52,"column":0},"end":{"line":54,"column":null}}]},"1":{"loc":{"start":{"line":53,"column":0},"end":{"line":53,"column":null}},"type":"cond-expr","locations":[{"start":{"line":53,"column":0},"end":{"line":53,"column":null}},{"start":{"line":53,"column":0},"end":{"line":53,"column":null}}]},"2":{"loc":{"start":{"line":55,"column":0},"end":{"line":55,"column":null}},"type":"cond-expr","locations":[{"start":{"line":55,"column":0},"end":{"line":55,"column":null}},{"start":{"line":55,"column":0},"end":{"line":55,"column":null}}]},"3":{"loc":{"start":{"line":58,"column":0},"end":{"line":73,"column":null}},"type":"if","locations":[{"start":{"line":58,"column":0},"end":{"line":73,"column":null}},{"start":{"line":58,"column":0},"end":{"line":73,"column":null}}]},"4":{"loc":{"start":{"line":58,"column":0},"end":{"line":58,"column":null}},"type":"binary-expr","locations":[{"start":{"line":58,"column":0},"end":{"line":58,"column":null}},{"start":{"line":58,"column":0},"end":{"line":58,"column":null}},{"start":{"line":58,"column":0},"end":{"line":58,"column":null}},{"start":{"line":58,"column":0},"end":{"line":58,"column":null}},{"start":{"line":58,"column":0},"end":{"line":58,"column":null}},{"start":{"line":58,"column":0},"end":{"line":58,"column":null}},{"start":{"line":58,"column":0},"end":{"line":58,"column":null}}]},"5":{"loc":{"start":{"line":80,"column":0},"end":{"line":80,"column":null}},"type":"cond-expr","locations":[{"start":{"line":80,"column":0},"end":{"line":80,"column":null}},{"start":{"line":80,"column":0},"end":{"line":80,"column":null}}]}},"s":{"0":4,"1":724,"2":667,"3":29,"4":638,"5":763,"6":4,"7":759,"8":14,"9":14},"f":{"0":724,"1":667,"2":763,"3":14},"b":{"0":[29,638],"1":[27,2],"2":[26,612],"3":[4,759],"4":[763,28,762,8,760,28,759],"5":[0,14]}}
,"C:\\Users\\chaun\\Desktop\\vue-keyBoard\\packages\\components\\result\\index.vue": {"path":"C:\\Users\\chaun\\Desktop\\vue-keyBoard\\packages\\components\\result\\index.vue","statementMap":{"0":{"start":{"line":27,"column":0},"end":{"line":27,"column":null}},"1":{"start":{"line":35,"column":0},"end":{"line":35,"column":null}},"2":{"start":{"line":41,"column":0},"end":{"line":41,"column":null}},"3":{"start":{"line":49,"column":0},"end":{"line":54,"column":null}},"4":{"start":{"line":51,"column":0},"end":{"line":51,"column":null}},"5":{"start":{"line":52,"column":0},"end":{"line":52,"column":null}},"6":{"start":{"line":53,"column":0},"end":{"line":53,"column":null}},"7":{"start":{"line":56,"column":0},"end":{"line":59,"column":null}},"8":{"start":{"line":57,"column":0},"end":{"line":57,"column":null}},"9":{"start":{"line":58,"column":0},"end":{"line":58,"column":null}},"10":{"start":{"line":64,"column":0},"end":{"line":64,"column":null}},"11":{"start":{"line":65,"column":0},"end":{"line":65,"column":null}},"12":{"start":{"line":66,"column":0},"end":{"line":68,"column":null}},"13":{"start":{"line":67,"column":0},"end":{"line":67,"column":null}},"14":{"start":{"line":70,"column":0},"end":{"line":72,"column":null}},"15":{"start":{"line":71,"column":0},"end":{"line":71,"column":null}},"16":{"start":{"line":80,"column":0},"end":{"line":80,"column":null}},"17":{"start":{"line":81,"column":0},"end":{"line":81,"column":null}},"18":{"start":{"line":82,"column":0},"end":{"line":82,"column":null}},"19":{"start":{"line":83,"column":0},"end":{"line":83,"column":null}},"20":{"start":{"line":87,"column":0},"end":{"line":87,"column":null}},"21":{"start":{"line":88,"column":0},"end":{"line":88,"column":null}},"22":{"start":{"line":92,"column":0},"end":{"line":92,"column":null}},"23":{"start":{"line":93,"column":0},"end":{"line":93,"column":null}},"24":{"start":{"line":97,"column":0},"end":{"line":97,"column":null}},"25":{"start":{"line":98,"column":0},"end":{"line":98,"column":null}}},"fnMap":{"0":{"name":"(anonymous_1)","decl":{"start":{"line":34,"column":0},"end":{"line":34,"column":null}},"loc":{"start":{"line":34,"column":0},"end":{"line":38,"column":null}}},"1":{"name":"(anonymous_2)","decl":{"start":{"line":40,"column":0},"end":{"line":40,"column":null}},"loc":{"start":{"line":40,"column":0},"end":{"line":47,"column":null}}},"2":{"name":"(anonymous_3)","decl":{"start":{"line":48,"column":0},"end":{"line":48,"column":null}},"loc":{"start":{"line":48,"column":0},"end":{"line":60,"column":null}}},"3":{"name":"(anonymous_4)","decl":{"start":{"line":49,"column":0},"end":{"line":49,"column":null}},"loc":{"start":{"line":49,"column":0},"end":{"line":54,"column":null}}},"4":{"name":"(anonymous_5)","decl":{"start":{"line":56,"column":0},"end":{"line":56,"column":null}},"loc":{"start":{"line":56,"column":0},"end":{"line":59,"column":null}}},"5":{"name":"(anonymous_6)","decl":{"start":{"line":63,"column":0},"end":{"line":63,"column":null}},"loc":{"start":{"line":63,"column":0},"end":{"line":73,"column":null}}},"6":{"name":"(anonymous_7)","decl":{"start":{"line":79,"column":0},"end":{"line":79,"column":null}},"loc":{"start":{"line":79,"column":0},"end":{"line":84,"column":null}}},"7":{"name":"(anonymous_8)","decl":{"start":{"line":86,"column":0},"end":{"line":86,"column":null}},"loc":{"start":{"line":86,"column":0},"end":{"line":89,"column":null}}},"8":{"name":"(anonymous_9)","decl":{"start":{"line":91,"column":0},"end":{"line":91,"column":null}},"loc":{"start":{"line":91,"column":0},"end":{"line":94,"column":null}}},"9":{"name":"(anonymous_10)","decl":{"start":{"line":96,"column":0},"end":{"line":96,"column":null}},"loc":{"start":{"line":96,"column":0},"end":{"line":99,"column":null}}}},"branchMap":{"0":{"loc":{"start":{"line":51,"column":0},"end":{"line":51,"column":null}},"type":"cond-expr","locations":[{"start":{"line":51,"column":0},"end":{"line":51,"column":null}},{"start":{"line":51,"column":0},"end":{"line":51,"column":null}}]},"1":{"loc":{"start":{"line":56,"column":0},"end":{"line":56,"column":null}},"type":"cond-expr","locations":[{"start":{"line":56,"column":0},"end":{"line":56,"column":null}},{"start":{"line":56,"column":0},"end":{"line":59,"column":null}}]},"2":{"loc":{"start":{"line":56,"column":0},"end":{"line":56,"column":null}},"type":"binary-expr","locations":[{"start":{"line":56,"column":0},"end":{"line":56,"column":null}},{"start":{"line":56,"column":0},"end":{"line":56,"column":null}}]},"3":{"loc":{"start":{"line":65,"column":0},"end":{"line":65,"column":null}},"type":"binary-expr","locations":[{"start":{"line":65,"column":0},"end":{"line":65,"column":null}},{"start":{"line":65,"column":0},"end":{"line":65,"column":null}}]},"4":{"loc":{"start":{"line":66,"column":0},"end":{"line":68,"column":null}},"type":"if","locations":[{"start":{"line":66,"column":0},"end":{"line":68,"column":null}},{"start":{"line":66,"column":0},"end":{"line":68,"column":null}}]},"5":{"loc":{"start":{"line":70,"column":0},"end":{"line":72,"column":null}},"type":"if","locations":[{"start":{"line":70,"column":0},"end":{"line":72,"column":null}},{"start":{"line":70,"column":0},"end":{"line":72,"column":null}}]},"6":{"loc":{"start":{"line":83,"column":0},"end":{"line":83,"column":null}},"type":"cond-expr","locations":[{"start":{"line":83,"column":0},"end":{"line":83,"column":null}},{"start":{"line":83,"column":0},"end":{"line":83,"column":null}}]},"7":{"loc":{"start":{"line":87,"column":0},"end":{"line":87,"column":null}},"type":"if","locations":[{"start":{"line":87,"column":0},"end":{"line":87,"column":null}},{"start":{"line":87,"column":0},"end":{"line":87,"column":null}}]},"8":{"loc":{"start":{"line":92,"column":0},"end":{"line":92,"column":null}},"type":"if","locations":[{"start":{"line":92,"column":0},"end":{"line":92,"column":null}},{"start":{"line":92,"column":0},"end":{"line":92,"column":null}}]}},"s":{"0":1,"1":0,"2":10,"3":10,"4":44,"5":44,"6":44,"7":10,"8":0,"9":0,"10":43,"11":43,"12":43,"13":43,"14":43,"15":0,"16":44,"17":44,"18":44,"19":44,"20":0,"21":0,"22":0,"23":0,"24":0,"25":0},"f":{"0":0,"1":10,"2":10,"3":44,"4":0,"5":43,"6":44,"7":0,"8":0,"9":0},"b":{"0":[44,88],"1":[0,10],"2":[10,10],"3":[172,172],"4":[43,0],"5":[0,43],"6":[44,88],"7":[0,0],"8":[0,0]}}
,"C:\\Users\\chaun\\Desktop\\vue-keyBoard\\packages\\components\\svgIcon\\svgIcon.vue": {"path":"C:\\Users\\chaun\\Desktop\\vue-keyBoard\\packages\\components\\svgIcon\\svgIcon.vue","statementMap":{"0":{"start":{"line":28,"column":0},"end":{"line":28,"column":null}}},"fnMap":{"0":{"name":"(anonymous_1)","decl":{"start":{"line":27,"column":0},"end":{"line":27,"column":null}},"loc":{"start":{"line":27,"column":0},"end":{"line":29,"column":null}}}},"branchMap":{},"s":{"0":94},"f":{"0":94},"b":{}}
,"C:\\Users\\chaun\\Desktop\\vue-keyBoard\\packages\\constants\\key_code.js": {"path":"C:\\Users\\chaun\\Desktop\\vue-keyBoard\\packages\\constants\\key_code.js","statementMap":{"0":{"start":{"line":2,"column":27},"end":{"line":6,"column":1}},"1":{"start":{"line":9,"column":28},"end":{"line":13,"column":1}},"2":{"start":{"line":16,"column":27},"end":{"line":20,"column":1}}},"fnMap":{},"branchMap":{},"s":{"0":2,"1":2,"2":2},"f":{},"b":{},"_coverageSchema":"43e27e138ebf9cfc5966b082cf9a028302ed4184","hash":"b7c179dda9802fe1339b9cdb076f2ab8565f3053"}
,"C:\\Users\\chaun\\Desktop\\vue-keyBoard\\packages\\constants\\pinyin_dict_note.js": {"path":"C:\\Users\\chaun\\Desktop\\vue-keyBoard\\packages\\constants\\pinyin_dict_note.js","statementMap":{},"fnMap":{},"branchMap":{},"s":{},"f":{},"b":{},"_coverageSchema":"43e27e138ebf9cfc5966b082cf9a028302ed4184","hash":"726d89d7314de9dcce7866bb823c37be293c95f2"}
,"C:\\Users\\chaun\\Desktop\\vue-keyBoard\\packages\\directive\\drag.js": {"path":"C:\\Users\\chaun\\Desktop\\vue-keyBoard\\packages\\directive\\drag.js","statementMap":{"0":{"start":{"line":1,"column":19},"end":{"line":50,"column":1}},"1":{"start":{"line":4,"column":8},"end":{"line":23,"column":9}},"2":{"start":{"line":6,"column":25},"end":{"line":6,"column":61}},"3":{"start":{"line":7,"column":25},"end":{"line":7,"column":60}},"4":{"start":{"line":9,"column":12},"end":{"line":17,"column":14}},"5":{"start":{"line":11,"column":29},"end":{"line":11,"column":45}},"6":{"start":{"line":12,"column":28},"end":{"line":12,"column":44}},"7":{"start":{"line":15,"column":16},"end":{"line":15,"column":55}},"8":{"start":{"line":16,"column":16},"end":{"line":16,"column":53}},"9":{"start":{"line":18,"column":12},"end":{"line":22,"column":14}},"10":{"start":{"line":19,"column":16},"end":{"line":19,"column":62}},"11":{"start":{"line":20,"column":16},"end":{"line":20,"column":44}},"12":{"start":{"line":21,"column":16},"end":{"line":21,"column":42}},"13":{"start":{"line":25,"column":8},"end":{"line":48,"column":9}},"14":{"start":{"line":27,"column":28},"end":{"line":27,"column":57}},"15":{"start":{"line":28,"column":28},"end":{"line":28,"column":57}},"16":{"start":{"line":29,"column":25},"end":{"line":29,"column":59}},"17":{"start":{"line":30,"column":25},"end":{"line":30,"column":58}},"18":{"start":{"line":32,"column":12},"end":{"line":42,"column":14}},"19":{"start":{"line":33,"column":32},"end":{"line":33,"column":61}},"20":{"start":{"line":34,"column":32},"end":{"line":34,"column":61}},"21":{"start":{"line":36,"column":29},"end":{"line":36,"column":43}},"22":{"start":{"line":37,"column":28},"end":{"line":37,"column":42}},"23":{"start":{"line":40,"column":16},"end":{"line":40,"column":55}},"24":{"start":{"line":41,"column":16},"end":{"line":41,"column":53}},"25":{"start":{"line":43,"column":12},"end":{"line":47,"column":14}},"26":{"start":{"line":44,"column":16},"end":{"line":44,"column":62}},"27":{"start":{"line":45,"column":16},"end":{"line":45,"column":44}},"28":{"start":{"line":46,"column":16},"end":{"line":46,"column":43}}},"fnMap":{"0":{"name":"(anonymous_0)","decl":{"start":{"line":2,"column":4},"end":{"line":2,"column":5}},"loc":{"start":{"line":2,"column":29},"end":{"line":49,"column":5}},"line":2},"1":{"name":"(anonymous_1)","decl":{"start":{"line":4,"column":25},"end":{"line":4,"column":26}},"loc":{"start":{"line":4,"column":30},"end":{"line":23,"column":9}},"line":4},"2":{"name":"(anonymous_2)","decl":{"start":{"line":9,"column":35},"end":{"line":9,"column":36}},"loc":{"start":{"line":9,"column":40},"end":{"line":17,"column":13}},"line":9},"3":{"name":"(anonymous_3)","decl":{"start":{"line":18,"column":33},"end":{"line":18,"column":34}},"loc":{"start":{"line":18,"column":39},"end":{"line":22,"column":13}},"line":18},"4":{"name":"(anonymous_4)","decl":{"start":{"line":25,"column":26},"end":{"line":25,"column":27}},"loc":{"start":{"line":25,"column":31},"end":{"line":48,"column":9}},"line":25},"5":{"name":"(anonymous_5)","decl":{"start":{"line":32,"column":35},"end":{"line":32,"column":36}},"loc":{"start":{"line":32,"column":40},"end":{"line":42,"column":13}},"line":32},"6":{"name":"(anonymous_6)","decl":{"start":{"line":43,"column":34},"end":{"line":43,"column":35}},"loc":{"start":{"line":43,"column":40},"end":{"line":47,"column":13}},"line":43}},"branchMap":{"0":{"loc":{"start":{"line":27,"column":28},"end":{"line":27,"column":57}},"type":"binary-expr","locations":[{"start":{"line":27,"column":28},"end":{"line":27,"column":35}},{"start":{"line":27,"column":39},"end":{"line":27,"column":57}}],"line":27},"1":{"loc":{"start":{"line":28,"column":28},"end":{"line":28,"column":57}},"type":"binary-expr","locations":[{"start":{"line":28,"column":28},"end":{"line":28,"column":35}},{"start":{"line":28,"column":39},"end":{"line":28,"column":57}}],"line":28},"2":{"loc":{"start":{"line":33,"column":32},"end":{"line":33,"column":61}},"type":"binary-expr","locations":[{"start":{"line":33,"column":32},"end":{"line":33,"column":39}},{"start":{"line":33,"column":43},"end":{"line":33,"column":61}}],"line":33},"3":{"loc":{"start":{"line":34,"column":32},"end":{"line":34,"column":61}},"type":"binary-expr","locations":[{"start":{"line":34,"column":32},"end":{"line":34,"column":39}},{"start":{"line":34,"column":43},"end":{"line":34,"column":61}}],"line":34}},"s":{"0":1,"1":9,"2":0,"3":0,"4":0,"5":0,"6":0,"7":0,"8":0,"9":0,"10":0,"11":0,"12":0,"13":9,"14":0,"15":0,"16":0,"17":0,"18":0,"19":0,"20":0,"21":0,"22":0,"23":0,"24":0,"25":0,"26":0,"27":0,"28":0},"f":{"0":9,"1":0,"2":0,"3":0,"4":0,"5":0,"6":0},"b":{"0":[0,0],"1":[0,0],"2":[0,0],"3":[0,0]},"_coverageSchema":"43e27e138ebf9cfc5966b082cf9a028302ed4184","hash":"ba989c89f9aea865aa0fefd637f969cc74b4c9c9"}
,"C:\\Users\\chaun\\Desktop\\vue-keyBoard\\packages\\helper\\axiosConfig.js": {"path":"C:\\Users\\chaun\\Desktop\\vue-keyBoard\\packages\\helper\\axiosConfig.js","statementMap":{"0":{"start":{"line":3,"column":16},"end":{"line":3,"column":21}},"1":{"start":{"line":9,"column":27},"end":{"line":14,"column":1}},"2":{"start":{"line":11,"column":4},"end":{"line":11,"column":33}},"3":{"start":{"line":12,"column":4},"end":{"line":12,"column":37}},"4":{"start":{"line":13,"column":4},"end":{"line":13,"column":83}}},"fnMap":{"0":{"name":"(anonymous_0)","decl":{"start":{"line":9,"column":27},"end":{"line":9,"column":28}},"loc":{"start":{"line":9,"column":34},"end":{"line":14,"column":1}},"line":9}},"branchMap":{},"s":{"0":1,"1":1,"2":11,"3":11,"4":11},"f":{"0":11},"b":{},"_coverageSchema":"43e27e138ebf9cfc5966b082cf9a028302ed4184","hash":"d5c34cb1afe6a2886279497a2678f1231609f75d"}
,"C:\\Users\\chaun\\Desktop\\vue-keyBoard\\packages\\libs\\flexible.js": {"path":"C:\\Users\\chaun\\Desktop\\vue-keyBoard\\packages\\libs\\flexible.js","statementMap":{"0":{"start":{"line":2,"column":2},"end":{"line":115,"column":50}},"1":{"start":{"line":3,"column":14},"end":{"line":3,"column":26}},"2":{"start":{"line":4,"column":16},"end":{"line":4,"column":35}},"3":{"start":{"line":5,"column":17},"end":{"line":5,"column":59}},"4":{"start":{"line":6,"column":21},"end":{"line":6,"column":63}},"5":{"start":{"line":7,"column":14},"end":{"line":7,"column":15}},"6":{"start":{"line":8,"column":16},"end":{"line":8,"column":17}},"7":{"start":{"line":10,"column":19},"end":{"line":10,"column":54}},"8":{"start":{"line":12,"column":4},"end":{"line":33,"column":5}},"9":{"start":{"line":13,"column":8},"end":{"line":13,"column":44}},"10":{"start":{"line":14,"column":20},"end":{"line":14,"column":84}},"11":{"start":{"line":15,"column":8},"end":{"line":18,"column":9}},"12":{"start":{"line":16,"column":12},"end":{"line":16,"column":41}},"13":{"start":{"line":17,"column":12},"end":{"line":17,"column":38}},"14":{"start":{"line":19,"column":11},"end":{"line":33,"column":5}},"15":{"start":{"line":20,"column":22},"end":{"line":20,"column":56}},"16":{"start":{"line":21,"column":8},"end":{"line":32,"column":9}},"17":{"start":{"line":22,"column":29},"end":{"line":22,"column":68}},"18":{"start":{"line":23,"column":29},"end":{"line":23,"column":68}},"19":{"start":{"line":24,"column":12},"end":{"line":27,"column":13}},"20":{"start":{"line":25,"column":16},"end":{"line":25,"column":48}},"21":{"start":{"line":26,"column":16},"end":{"line":26,"column":57}},"22":{"start":{"line":28,"column":12},"end":{"line":31,"column":13}},"23":{"start":{"line":29,"column":16},"end":{"line":29,"column":48}},"24":{"start":{"line":30,"column":16},"end":{"line":30,"column":57}},"25":{"start":{"line":35,"column":4},"end":{"line":53,"column":5}},"26":{"start":{"line":36,"column":24},"end":{"line":36,"column":67}},"27":{"start":{"line":37,"column":23},"end":{"line":37,"column":65}},"28":{"start":{"line":38,"column":31},"end":{"line":38,"column":51}},"29":{"start":{"line":39,"column":8},"end":{"line":51,"column":9}},"30":{"start":{"line":41,"column":12},"end":{"line":47,"column":13}},"31":{"start":{"line":42,"column":16},"end":{"line":42,"column":24}},"32":{"start":{"line":43,"column":19},"end":{"line":47,"column":13}},"33":{"start":{"line":44,"column":16},"end":{"line":44,"column":24}},"34":{"start":{"line":46,"column":16},"end":{"line":46,"column":24}},"35":{"start":{"line":50,"column":12},"end":{"line":50,"column":20}},"36":{"start":{"line":52,"column":8},"end":{"line":52,"column":24}},"37":{"start":{"line":55,"column":4},"end":{"line":55,"column":40}},"38":{"start":{"line":56,"column":4},"end":{"line":67,"column":5}},"39":{"start":{"line":57,"column":8},"end":{"line":57,"column":43}},"40":{"start":{"line":58,"column":8},"end":{"line":58,"column":48}},"41":{"start":{"line":59,"column":8},"end":{"line":59,"column":146}},"42":{"start":{"line":60,"column":8},"end":{"line":66,"column":9}},"43":{"start":{"line":61,"column":12},"end":{"line":61,"column":56}},"44":{"start":{"line":63,"column":23},"end":{"line":63,"column":47}},"45":{"start":{"line":64,"column":12},"end":{"line":64,"column":37}},"46":{"start":{"line":65,"column":12},"end":{"line":65,"column":38}},"47":{"start":{"line":70,"column":20},"end":{"line":70,"column":55}},"48":{"start":{"line":71,"column":18},"end":{"line":71,"column":28}},"49":{"start":{"line":72,"column":8},"end":{"line":72,"column":42}},"50":{"start":{"line":73,"column":8},"end":{"line":73,"column":37}},"51":{"start":{"line":76,"column":4},"end":{"line":79,"column":14}},"52":{"start":{"line":77,"column":8},"end":{"line":77,"column":26}},"53":{"start":{"line":78,"column":8},"end":{"line":78,"column":42}},"54":{"start":{"line":80,"column":4},"end":{"line":85,"column":14}},"55":{"start":{"line":81,"column":8},"end":{"line":84,"column":9}},"56":{"start":{"line":82,"column":12},"end":{"line":82,"column":30}},"57":{"start":{"line":83,"column":12},"end":{"line":83,"column":46}},"58":{"start":{"line":87,"column":4},"end":{"line":93,"column":5}},"59":{"start":{"line":88,"column":8},"end":{"line":88,"column":50}},"60":{"start":{"line":90,"column":8},"end":{"line":92,"column":18}},"61":{"start":{"line":91,"column":12},"end":{"line":91,"column":54}},"62":{"start":{"line":96,"column":4},"end":{"line":96,"column":17}},"63":{"start":{"line":98,"column":4},"end":{"line":98,"column":33}},"64":{"start":{"line":99,"column":4},"end":{"line":99,"column":37}},"65":{"start":{"line":100,"column":4},"end":{"line":106,"column":5}},"66":{"start":{"line":101,"column":18},"end":{"line":101,"column":42}},"67":{"start":{"line":102,"column":8},"end":{"line":104,"column":9}},"68":{"start":{"line":103,"column":12},"end":{"line":103,"column":24}},"69":{"start":{"line":105,"column":8},"end":{"line":105,"column":19}},"70":{"start":{"line":107,"column":4},"end":{"line":113,"column":5}},"71":{"start":{"line":108,"column":18},"end":{"line":108,"column":42}},"72":{"start":{"line":109,"column":8},"end":{"line":111,"column":9}},"73":{"start":{"line":110,"column":12},"end":{"line":110,"column":25}},"74":{"start":{"line":112,"column":8},"end":{"line":112,"column":19}}},"fnMap":{"0":{"name":"(anonymous_0)","decl":{"start":{"line":2,"column":3},"end":{"line":2,"column":4}},"loc":{"start":{"line":2,"column":23},"end":{"line":115,"column":1}},"line":2},"1":{"name":"refreshRem","decl":{"start":{"line":69,"column":13},"end":{"line":69,"column":23}},"loc":{"start":{"line":69,"column":26},"end":{"line":74,"column":5}},"line":69},"2":{"name":"(anonymous_2)","decl":{"start":{"line":76,"column":35},"end":{"line":76,"column":36}},"loc":{"start":{"line":76,"column":47},"end":{"line":79,"column":5}},"line":76},"3":{"name":"(anonymous_3)","decl":{"start":{"line":80,"column":37},"end":{"line":80,"column":38}},"loc":{"start":{"line":80,"column":50},"end":{"line":85,"column":5}},"line":80},"4":{"name":"(anonymous_4)","decl":{"start":{"line":90,"column":49},"end":{"line":90,"column":50}},"loc":{"start":{"line":90,"column":62},"end":{"line":92,"column":9}},"line":90},"5":{"name":"(anonymous_5)","decl":{"start":{"line":100,"column":22},"end":{"line":100,"column":23}},"loc":{"start":{"line":100,"column":35},"end":{"line":106,"column":5}},"line":100},"6":{"name":"(anonymous_6)","decl":{"start":{"line":107,"column":22},"end":{"line":107,"column":23}},"loc":{"start":{"line":107,"column":35},"end":{"line":113,"column":5}},"line":107}},"branchMap":{"0":{"loc":{"start":{"line":10,"column":19},"end":{"line":10,"column":54}},"type":"binary-expr","locations":[{"start":{"line":10,"column":19},"end":{"line":10,"column":31}},{"start":{"line":10,"column":36},"end":{"line":10,"column":53}}],"line":10},"1":{"loc":{"start":{"line":12,"column":4},"end":{"line":33,"column":5}},"type":"if","locations":[{"start":{"line":12,"column":4},"end":{"line":33,"column":5}},{"start":{"line":12,"column":4},"end":{"line":33,"column":5}}],"line":12},"2":{"loc":{"start":{"line":15,"column":8},"end":{"line":18,"column":9}},"type":"if","locations":[{"start":{"line":15,"column":8},"end":{"line":18,"column":9}},{"start":{"line":15,"column":8},"end":{"line":18,"column":9}}],"line":15},"3":{"loc":{"start":{"line":19,"column":11},"end":{"line":33,"column":5}},"type":"if","locations":[{"start":{"line":19,"column":11},"end":{"line":33,"column":5}},{"start":{"line":19,"column":11},"end":{"line":33,"column":5}}],"line":19},"4":{"loc":{"start":{"line":21,"column":8},"end":{"line":32,"column":9}},"type":"if","locations":[{"start":{"line":21,"column":8},"end":{"line":32,"column":9}},{"start":{"line":21,"column":8},"end":{"line":32,"column":9}}],"line":21},"5":{"loc":{"start":{"line":24,"column":12},"end":{"line":27,"column":13}},"type":"if","locations":[{"start":{"line":24,"column":12},"end":{"line":27,"column":13}},{"start":{"line":24,"column":12},"end":{"line":27,"column":13}}],"line":24},"6":{"loc":{"start":{"line":28,"column":12},"end":{"line":31,"column":13}},"type":"if","locations":[{"start":{"line":28,"column":12},"end":{"line":31,"column":13}},{"start":{"line":28,"column":12},"end":{"line":31,"column":13}}],"line":28},"7":{"loc":{"start":{"line":35,"column":4},"end":{"line":53,"column":5}},"type":"if","locations":[{"start":{"line":35,"column":4},"end":{"line":53,"column":5}},{"start":{"line":35,"column":4},"end":{"line":53,"column":5}}],"line":35},"8":{"loc":{"start":{"line":35,"column":8},"end":{"line":35,"column":22}},"type":"binary-expr","locations":[{"start":{"line":35,"column":8},"end":{"line":35,"column":12}},{"start":{"line":35,"column":16},"end":{"line":35,"column":22}}],"line":35},"9":{"loc":{"start":{"line":39,"column":8},"end":{"line":51,"column":9}},"type":"if","locations":[{"start":{"line":39,"column":8},"end":{"line":51,"column":9}},{"start":{"line":39,"column":8},"end":{"line":51,"column":9}}],"line":39},"10":{"loc":{"start":{"line":41,"column":12},"end":{"line":47,"column":13}},"type":"if","locations":[{"start":{"line":41,"column":12},"end":{"line":47,"column":13}},{"start":{"line":41,"column":12},"end":{"line":47,"column":13}}],"line":41},"11":{"loc":{"start":{"line":41,"column":16},"end":{"line":41,"column":59}},"type":"binary-expr","locations":[{"start":{"line":41,"column":16},"end":{"line":41,"column":37}},{"start":{"line":41,"column":42},"end":{"line":41,"column":46}},{"start":{"line":41,"column":50},"end":{"line":41,"column":58}}],"line":41},"12":{"loc":{"start":{"line":43,"column":19},"end":{"line":47,"column":13}},"type":"if","locations":[{"start":{"line":43,"column":19},"end":{"line":47,"column":13}},{"start":{"line":43,"column":19},"end":{"line":47,"column":13}}],"line":43},"13":{"loc":{"start":{"line":43,"column":23},"end":{"line":43,"column":66}},"type":"binary-expr","locations":[{"start":{"line":43,"column":23},"end":{"line":43,"column":44}},{"start":{"line":43,"column":49},"end":{"line":43,"column":53}},{"start":{"line":43,"column":57},"end":{"line":43,"column":65}}],"line":43},"14":{"loc":{"start":{"line":56,"column":4},"end":{"line":67,"column":5}},"type":"if","locations":[{"start":{"line":56,"column":4},"end":{"line":67,"column":5}},{"start":{"line":56,"column":4},"end":{"line":67,"column":5}}],"line":56},"15":{"loc":{"start":{"line":60,"column":8},"end":{"line":66,"column":9}},"type":"if","locations":[{"start":{"line":60,"column":8},"end":{"line":66,"column":9}},{"start":{"line":60,"column":8},"end":{"line":66,"column":9}}],"line":60},"16":{"loc":{"start":{"line":81,"column":8},"end":{"line":84,"column":9}},"type":"if","locations":[{"start":{"line":81,"column":8},"end":{"line":84,"column":9}},{"start":{"line":81,"column":8},"end":{"line":84,"column":9}}],"line":81},"17":{"loc":{"start":{"line":87,"column":4},"end":{"line":93,"column":5}},"type":"if","locations":[{"start":{"line":87,"column":4},"end":{"line":93,"column":5}},{"start":{"line":87,"column":4},"end":{"line":93,"column":5}}],"line":87},"18":{"loc":{"start":{"line":102,"column":8},"end":{"line":104,"column":9}},"type":"if","locations":[{"start":{"line":102,"column":8},"end":{"line":104,"column":9}},{"start":{"line":102,"column":8},"end":{"line":104,"column":9}}],"line":102},"19":{"loc":{"start":{"line":102,"column":12},"end":{"line":102,"column":52}},"type":"binary-expr","locations":[{"start":{"line":102,"column":12},"end":{"line":102,"column":33}},{"start":{"line":102,"column":37},"end":{"line":102,"column":52}}],"line":102},"20":{"loc":{"start":{"line":109,"column":8},"end":{"line":111,"column":9}},"type":"if","locations":[{"start":{"line":109,"column":8},"end":{"line":111,"column":9}},{"start":{"line":109,"column":8},"end":{"line":111,"column":9}}],"line":109},"21":{"loc":{"start":{"line":109,"column":12},"end":{"line":109,"column":51}},"type":"binary-expr","locations":[{"start":{"line":109,"column":12},"end":{"line":109,"column":33}},{"start":{"line":109,"column":37},"end":{"line":109,"column":51}}],"line":109},"22":{"loc":{"start":{"line":115,"column":11},"end":{"line":115,"column":48}},"type":"binary-expr","locations":[{"start":{"line":115,"column":11},"end":{"line":115,"column":24}},{"start":{"line":115,"column":29},"end":{"line":115,"column":47}}],"line":115}},"s":{"0":1,"1":1,"2":1,"3":1,"4":1,"5":1,"6":1,"7":1,"8":1,"9":0,"10":0,"11":0,"12":0,"13":0,"14":1,"15":0,"16":0,"17":0,"18":0,"19":0,"20":0,"21":0,"22":0,"23":0,"24":0,"25":1,"26":1,"27":1,"28":1,"29":1,"30":0,"31":0,"32":0,"33":0,"34":0,"35":1,"36":1,"37":1,"38":1,"39":1,"40":1,"41":1,"42":1,"43":1,"44":0,"45":0,"46":0,"47":1,"48":1,"49":1,"50":1,"51":1,"52":0,"53":0,"54":1,"55":1,"56":0,"57":0,"58":1,"59":0,"60":1,"61":0,"62":1,"63":1,"64":1,"65":1,"66":0,"67":0,"68":0,"69":0,"70":1,"71":0,"72":0,"73":0,"74":0},"f":{"0":1,"1":1,"2":0,"3":1,"4":0,"5":0,"6":0},"b":{"0":[1,1],"1":[0,1],"2":[0,0],"3":[0,1],"4":[0,0],"5":[0,0],"6":[0,0],"7":[1,0],"8":[1,1],"9":[0,1],"10":[0,0],"11":[0,0,0],"12":[0,0],"13":[0,0,0],"14":[1,0],"15":[1,0],"16":[0,1],"17":[0,1],"18":[0,0],"19":[0,0],"20":[0,0],"21":[0,0],"22":[1,1]},"_coverageSchema":"43e27e138ebf9cfc5966b082cf9a028302ed4184","hash":"2e7ca068a449151a31c7816747d57128d709ca13"}
,"C:\\Users\\chaun\\Desktop\\vue-keyBoard\\packages\\server\\index.js": {"path":"C:\\Users\\chaun\\Desktop\\vue-keyBoard\\packages\\server\\index.js","statementMap":{"0":{"start":{"line":10,"column":36},"end":{"line":10,"column":122}},"1":{"start":{"line":10,"column":72},"end":{"line":10,"column":122}}},"fnMap":{"0":{"name":"(anonymous_0)","decl":{"start":{"line":10,"column":36},"end":{"line":10,"column":37}},"loc":{"start":{"line":10,"column":72},"end":{"line":10,"column":122}},"line":10}},"branchMap":{},"s":{"0":2,"1":2},"f":{"0":2},"b":{},"_coverageSchema":"43e27e138ebf9cfc5966b082cf9a028302ed4184","hash":"4a8a6e33ace010da9b0bf712de8933d5d70e0d30"}
,"C:\\Users\\chaun\\Desktop\\vue-keyBoard\\packages\\utils\\index.js": {"path":"C:\\Users\\chaun\\Desktop\\vue-keyBoard\\packages\\utils\\index.js","statementMap":{"0":{"start":{"line":6,"column":27},"end":{"line":31,"column":1}},"1":{"start":{"line":7,"column":24},"end":{"line":7,"column":26}},"2":{"start":{"line":9,"column":8},"end":{"line":11,"column":9}},"3":{"start":{"line":10,"column":12},"end":{"line":10,"column":26}},"4":{"start":{"line":12,"column":8},"end":{"line":16,"column":9}},"5":{"start":{"line":12,"column":21},"end":{"line":12,"column":22}},"6":{"start":{"line":13,"column":12},"end":{"line":15,"column":13}},"7":{"start":{"line":14,"column":16},"end":{"line":14,"column":49}},"8":{"start":{"line":17,"column":27},"end":{"line":17,"column":29}},"9":{"start":{"line":18,"column":8},"end":{"line":20,"column":9}},"10":{"start":{"line":19,"column":12},"end":{"line":19,"column":30}},"11":{"start":{"line":21,"column":8},"end":{"line":21,"column":63}},"12":{"start":{"line":22,"column":8},"end":{"line":27,"column":11}},"13":{"start":{"line":23,"column":12},"end":{"line":25,"column":13}},"14":{"start":{"line":24,"column":16},"end":{"line":24,"column":23}},"15":{"start":{"line":26,"column":12},"end":{"line":26,"column":55}},"16":{"start":{"line":28,"column":8},"end":{"line":28,"column":28}},"17":{"start":{"line":30,"column":4},"end":{"line":30,"column":29}},"18":{"start":{"line":39,"column":31},"end":{"line":46,"column":1}},"19":{"start":{"line":40,"column":16},"end":{"line":40,"column":17}},"20":{"start":{"line":41,"column":21},"end":{"line":41,"column":23}},"21":{"start":{"line":42,"column":4},"end":{"line":44,"column":5}},"22":{"start":{"line":43,"column":8},"end":{"line":43,"column":69}},"23":{"start":{"line":45,"column":4},"end":{"line":45,"column":20}}},"fnMap":{"0":{"name":"(anonymous_0)","decl":{"start":{"line":6,"column":27},"end":{"line":6,"column":28}},"loc":{"start":{"line":6,"column":39},"end":{"line":31,"column":1}},"line":6},"1":{"name":"_deepCopy","decl":{"start":{"line":8,"column":13},"end":{"line":8,"column":22}},"loc":{"start":{"line":8,"column":31},"end":{"line":29,"column":5}},"line":8},"2":{"name":"(anonymous_2)","decl":{"start":{"line":22,"column":36},"end":{"line":22,"column":37}},"loc":{"start":{"line":22,"column":45},"end":{"line":27,"column":9}},"line":22},"3":{"name":"(anonymous_3)","decl":{"start":{"line":39,"column":31},"end":{"line":39,"column":32}},"loc":{"start":{"line":39,"column":58},"end":{"line":46,"column":1}},"line":39}},"branchMap":{"0":{"loc":{"start":{"line":9,"column":8},"end":{"line":11,"column":9}},"type":"if","locations":[{"start":{"line":9,"column":8},"end":{"line":11,"column":9}},{"start":{"line":9,"column":8},"end":{"line":11,"column":9}}],"line":9},"1":{"loc":{"start":{"line":9,"column":12},"end":{"line":9,"column":49}},"type":"binary-expr","locations":[{"start":{"line":9,"column":12},"end":{"line":9,"column":38}},{"start":{"line":9,"column":42},"end":{"line":9,"column":49}}],"line":9},"2":{"loc":{"start":{"line":13,"column":12},"end":{"line":15,"column":13}},"type":"if","locations":[{"start":{"line":13,"column":12},"end":{"line":15,"column":13}},{"start":{"line":13,"column":12},"end":{"line":15,"column":13}}],"line":13},"3":{"loc":{"start":{"line":18,"column":8},"end":{"line":20,"column":9}},"type":"if","locations":[{"start":{"line":18,"column":8},"end":{"line":20,"column":9}},{"start":{"line":18,"column":8},"end":{"line":20,"column":9}}],"line":18},"4":{"loc":{"start":{"line":23,"column":12},"end":{"line":25,"column":13}},"type":"if","locations":[{"start":{"line":23,"column":12},"end":{"line":25,"column":13}},{"start":{"line":23,"column":12},"end":{"line":25,"column":13}}],"line":23}},"s":{"0":3,"1":23,"2":280,"3":176,"4":104,"5":104,"6":201,"7":0,"8":104,"9":104,"10":22,"11":104,"12":104,"13":257,"14":0,"15":257,"16":104,"17":23,"18":3,"19":2,"20":2,"21":2,"22":3,"23":2},"f":{"0":23,"1":280,"2":257,"3":2},"b":{"0":[176,104],"1":[280,104],"2":[0,201],"3":[22,82],"4":[0,257]},"_coverageSchema":"43e27e138ebf9cfc5966b082cf9a028302ed4184","hash":"ffc581c90ec93aadee6f899fa86a8cd08ac6fc0d"}
}
