TN:
SF:C:\Users\chaun\Desktop\vue-keyBoard\packages\keyBoard.vue
FN:64,(anonymous_1)
FN:83,(anonymous_2)
FN:88,(anonymous_3)
FN:92,(anonymous_4)
FN:98,(anonymous_5)
FN:112,(anonymous_6)
FN:116,(anonymous_7)
FN:122,(anonymous_8)
FN:125,(anonymous_9)
FN:128,(anonymous_10)
FN:134,(anonymous_11)
FN:140,(anonymous_12)
FN:146,(anonymous_13)
FN:148,(anonymous_14)
FN:154,(anonymous_15)
FN:159,(anonymous_16)
FN:170,(anonymous_17)
FN:171,(anonymous_18)
FN:190,(anonymous_19)
FN:205,(anonymous_20)
FN:210,(anonymous_21)
FN:218,(anonymous_22)
FN:219,(anonymous_23)
FNF:23
FNH:14
FNDA:11,(anonymous_1)
FNDA:11,(anonymous_2)
FNDA:0,(anonymous_3)
FNDA:0,(anonymous_4)
FNDA:11,(anonymous_5)
FNDA:11,(anonymous_6)
FNDA:360,(anonymous_7)
FNDA:11,(anonymous_8)
FNDA:50,(anonymous_9)
FNDA:50,(anonymous_10)
FNDA:7,(anonymous_11)
FNDA:1,(anonymous_12)
FNDA:7,(anonymous_13)
FNDA:7,(anonymous_14)
FNDA:2,(anonymous_15)
FNDA:1,(anonymous_16)
FNDA:0,(anonymous_17)
FNDA:0,(anonymous_18)
FNDA:0,(anonymous_19)
FNDA:0,(anonymous_20)
FNDA:0,(anonymous_21)
FNDA:0,(anonymous_22)
FNDA:0,(anonymous_23)
DA:38,1
DA:39,1
DA:40,1
DA:41,1
DA:42,1
DA:43,1
DA:44,1
DA:45,1
DA:46,1
DA:47,1
DA:51,1
DA:64,11
DA:84,11
DA:89,0
DA:90,0
DA:93,0
DA:99,11
DA:114,11
DA:116,11
DA:117,360
DA:124,11
DA:125,61
DA:128,11
DA:129,50
DA:130,50
DA:135,7
DA:136,7
DA:137,7
DA:141,1
DA:142,1
DA:143,1
DA:148,7
DA:149,7
DA:151,7
DA:154,2
DA:158,1
DA:159,1
DA:160,1
DA:163,1
DA:165,2
DA:168,0
DA:170,0
DA:171,0
DA:172,0
DA:176,0
DA:182,0
DA:185,5
DA:186,5
DA:191,0
DA:194,0
DA:196,0
DA:199,0
DA:201,0
DA:206,0
DA:207,0
DA:211,0
DA:215,0
DA:219,0
DA:220,0
DA:221,0
LF:60
LH:39
BRDA:116,0,0,0
BRDA:116,0,1,11
BRDA:116,1,0,11
BRDA:116,1,1,11
BRDA:130,2,0,50
BRDA:130,2,1,46
BRDA:149,3,0,7
BRDA:149,3,1,14
BRDA:153,4,0,2
BRDA:153,4,1,0
BRDA:153,4,2,5
BRDA:154,5,0,1
BRDA:154,5,1,1
BRDA:154,6,0,2
BRDA:154,6,1,2
BRDA:160,7,0,1
BRDA:160,7,1,2
BRDA:170,8,0,0
BRDA:170,8,1,0
BRDA:192,9,0,0
BRDA:192,9,1,0
BRF:21
BRH:15
end_of_record
TN:
SF:C:\Users\chaun\Desktop\vue-keyBoard\packages\assets\css\keyBoard.less
FNF:0
FNH:0
DA:1,1
LF:1
LH:1
BRF:0
BRH:0
end_of_record
TN:
SF:C:\Users\chaun\Desktop\vue-keyBoard\packages\components\default\index.vue
FN:58,(anonymous_1)
FN:76,(anonymous_2)
FN:78,(anonymous_3)
FN:84,(anonymous_4)
FN:86,(anonymous_5)
FN:94,(anonymous_6)
FN:128,(anonymous_7)
FNF:7
FNH:7
FNDA:19,(anonymous_1)
FNDA:19,(anonymous_2)
FNDA:278,(anonymous_3)
FNDA:19,(anonymous_4)
FNDA:19,(anonymous_5)
FNDA:9,(anonymous_6)
FNDA:4,(anonymous_7)
DA:34,2
DA:52,2
DA:53,2
DA:54,2
DA:59,19
DA:77,19
DA:78,19
DA:79,278
DA:85,19
DA:86,19
DA:87,4
DA:95,9
DA:99,1
DA:100,1
DA:102,1
DA:106,1
DA:107,1
DA:109,1
DA:113,1
DA:115,1
DA:116,1
DA:119,1
DA:123,2
DA:124,2
DA:125,2
DA:126,2
DA:127,2
DA:128,4
DA:129,0
DA:130,0
DA:132,2
DA:138,0
DA:139,0
DA:146,2
DA:150,1
DA:151,1
DA:152,1
DA:153,1
DA:159,0
DA:160,0
DA:167,1
DA:173,2
DA:174,0
DA:175,0
DA:177,2
DA:178,1
DA:180,2
DA:186,2
DA:190,1
DA:191,1
DA:192,1
DA:195,0
DA:198,1
LF:53
LH:44
BRDA:78,0,0,10
BRDA:78,0,1,9
BRDA:78,1,0,19
BRDA:78,1,1,19
BRDA:86,2,0,4
BRDA:86,2,1,15
BRDA:86,3,0,19
BRDA:86,3,1,19
BRDA:97,4,0,1
BRDA:97,4,1,1
BRDA:97,4,2,1
BRDA:97,4,3,2
BRDA:97,4,4,1
BRDA:97,4,5,1
BRDA:97,4,6,2
BRDA:97,4,7,1
BRDA:115,5,0,1
BRDA:115,5,1,0
BRDA:115,6,0,1
BRDA:115,6,1,1
BRDA:116,7,0,2
BRDA:116,7,1,1
BRDA:125,8,0,2
BRDA:125,8,1,0
BRDA:126,9,0,4
BRDA:126,9,1,2
BRDA:128,10,0,0
BRDA:128,10,1,2
BRDA:138,11,0,0
BRDA:138,11,1,0
BRDA:151,12,0,1
BRDA:151,12,1,0
BRDA:152,13,0,2
BRDA:152,13,1,1
BRDA:159,14,0,0
BRDA:159,14,1,0
BRDA:173,15,0,0
BRDA:173,15,1,2
BRDA:173,16,0,2
BRDA:173,16,1,2
BRDA:173,16,2,1
BRDA:177,17,0,1
BRDA:177,17,1,1
BRDA:178,18,0,2
BRDA:178,18,1,1
BRDA:190,19,0,1
BRDA:190,19,1,0
BRDA:190,20,0,1
BRDA:190,20,1,1
BRDA:190,20,2,1
BRF:50
BRH:40
end_of_record
TN:
SF:C:\Users\chaun\Desktop\vue-keyBoard\packages\components\handBoards\index.vue
FN:26,(anonymous_1)
FN:52,(anonymous_2)
FNF:2
FNH:2
FNDA:8,(anonymous_1)
FNDA:4,(anonymous_2)
DA:21,2
DA:22,2
DA:27,8
DA:53,4
DA:57,1
DA:59,1
DA:63,1
DA:64,1
DA:66,1
DA:70,1
DA:72,1
DA:76,1
DA:81,1
LF:13
LH:13
BRDA:55,0,0,1
BRDA:55,0,1,1
BRDA:55,0,2,1
BRDA:55,0,3,1
BRDA:64,1,0,2
BRDA:64,1,1,1
BRF:6
BRH:6
end_of_record
TN:
SF:C:\Users\chaun\Desktop\vue-keyBoard\packages\components\handBoards\paintBoard.vue
FN:26,(anonymous_1)
FN:56,(anonymous_2)
FN:60,(anonymous_3)
FN:65,(anonymous_4)
FN:75,(anonymous_5)
FN:76,(anonymous_6)
FN:90,(anonymous_7)
FN:98,(anonymous_8)
FN:105,(anonymous_9)
FN:112,(anonymous_10)
FN:123,(anonymous_11)
FN:145,(anonymous_12)
FN:148,(anonymous_13)
FN:158,(anonymous_14)
FNF:14
FNH:13
FNDA:8,(anonymous_1)
FNDA:8,(anonymous_2)
FNDA:38,(anonymous_3)
FNDA:8,(anonymous_4)
FNDA:46,(anonymous_5)
FNDA:46,(anonymous_6)
FNDA:8,(anonymous_7)
FNDA:4,(anonymous_8)
FNDA:4,(anonymous_9)
FNDA:2,(anonymous_10)
FNDA:2,(anonymous_11)
FNDA:2,(anonymous_12)
FNDA:0,(anonymous_13)
FNDA:2,(anonymous_14)
DA:19,2
DA:27,8
DA:58,8
DA:60,8
DA:61,38
DA:66,8
DA:67,8
DA:68,8
DA:69,8
DA:70,8
DA:71,8
DA:72,8
DA:76,46
DA:77,53
DA:78,39
DA:79,39
DA:80,39
DA:81,39
DA:84,39
DA:91,8
DA:92,8
DA:93,8
DA:94,8
DA:95,8
DA:99,8
DA:100,0
DA:106,8
DA:107,0
DA:113,2
DA:114,2
DA:115,2
DA:116,2
DA:117,2
DA:118,2
DA:119,2
DA:120,2
DA:124,2
DA:125,2
DA:126,2
DA:127,2
DA:128,2
DA:129,2
DA:130,2
DA:131,2
DA:133,2
DA:134,2
DA:135,2
DA:136,2
DA:137,2
DA:138,2
DA:139,2
DA:140,2
DA:141,2
DA:146,2
DA:147,2
DA:148,2
DA:149,0
DA:152,2
DA:153,2
DA:154,2
DA:159,2
DA:160,0
LF:62
LH:58
BRDA:60,0,0,7
BRDA:60,0,1,1
BRDA:60,1,0,8
BRDA:60,1,1,8
BRDA:77,2,0,7
BRDA:77,2,1,39
BRDA:91,3,0,8
BRDA:91,3,1,16
BRDA:99,4,0,4
BRDA:99,4,1,0
BRDA:99,5,0,4
BRDA:99,5,1,4
BRDA:99,5,2,2
BRDA:100,6,0,0
BRDA:100,6,1,0
BRDA:106,7,0,4
BRDA:106,7,1,0
BRDA:106,8,0,4
BRDA:106,8,1,4
BRDA:106,8,2,2
BRDA:107,9,0,0
BRDA:107,9,1,0
BRDA:113,10,0,0
BRDA:113,10,1,2
BRDA:124,11,0,0
BRDA:124,11,1,2
BRDA:126,12,0,2
BRDA:126,12,1,0
BRDA:146,13,0,2
BRDA:146,13,1,0
BRDA:160,14,0,0
BRDA:160,14,1,0
BRF:32
BRH:20
end_of_record
TN:
SF:C:\Users\chaun\Desktop\vue-keyBoard\packages\components\keyCodeButtton\index.vue
FN:44,(anonymous_1)
FN:51,(anonymous_2)
FN:57,(anonymous_3)
FN:77,(anonymous_4)
FNF:4
FNH:4
FNDA:724,(anonymous_1)
FNDA:667,(anonymous_2)
FNDA:763,(anonymous_3)
FNDA:14,(anonymous_4)
DA:33,4
DA:45,724
DA:52,667
DA:53,29
DA:55,638
DA:58,763
DA:64,4
DA:69,759
DA:78,14
DA:79,14
LF:10
LH:10
BRDA:52,0,0,29
BRDA:52,0,1,638
BRDA:53,1,0,27
BRDA:53,1,1,2
BRDA:55,2,0,26
BRDA:55,2,1,612
BRDA:58,3,0,4
BRDA:58,3,1,759
BRDA:58,4,0,763
BRDA:58,4,1,28
BRDA:58,4,2,762
BRDA:58,4,3,8
BRDA:58,4,4,760
BRDA:58,4,5,28
BRDA:58,4,6,759
BRDA:80,5,0,0
BRDA:80,5,1,14
BRF:17
BRH:16
end_of_record
TN:
SF:C:\Users\chaun\Desktop\vue-keyBoard\packages\components\result\index.vue
FN:34,(anonymous_1)
FN:40,(anonymous_2)
FN:48,(anonymous_3)
FN:49,(anonymous_4)
FN:56,(anonymous_5)
FN:63,(anonymous_6)
FN:79,(anonymous_7)
FN:86,(anonymous_8)
FN:91,(anonymous_9)
FN:96,(anonymous_10)
FNF:10
FNH:5
FNDA:0,(anonymous_1)
FNDA:10,(anonymous_2)
FNDA:10,(anonymous_3)
FNDA:44,(anonymous_4)
FNDA:0,(anonymous_5)
FNDA:43,(anonymous_6)
FNDA:44,(anonymous_7)
FNDA:0,(anonymous_8)
FNDA:0,(anonymous_9)
FNDA:0,(anonymous_10)
DA:27,1
DA:35,0
DA:41,10
DA:49,10
DA:51,44
DA:52,44
DA:53,44
DA:56,10
DA:57,0
DA:58,0
DA:64,43
DA:65,43
DA:66,43
DA:67,43
DA:70,43
DA:71,0
DA:80,44
DA:81,44
DA:82,44
DA:83,44
DA:87,0
DA:88,0
DA:92,0
DA:93,0
DA:97,0
DA:98,0
LF:26
LH:16
BRDA:51,0,0,44
BRDA:51,0,1,88
BRDA:56,1,0,0
BRDA:56,1,1,10
BRDA:56,2,0,10
BRDA:56,2,1,10
BRDA:65,3,0,172
BRDA:65,3,1,172
BRDA:66,4,0,43
BRDA:66,4,1,0
BRDA:70,5,0,0
BRDA:70,5,1,43
BRDA:83,6,0,44
BRDA:83,6,1,88
BRDA:87,7,0,0
BRDA:87,7,1,0
BRDA:92,8,0,0
BRDA:92,8,1,0
BRF:18
BRH:11
end_of_record
TN:
SF:C:\Users\chaun\Desktop\vue-keyBoard\packages\components\svgIcon\svgIcon.vue
FN:27,(anonymous_1)
FNF:1
FNH:1
FNDA:94,(anonymous_1)
DA:28,94
LF:1
LH:1
BRF:0
BRH:0
end_of_record
TN:
SF:C:\Users\chaun\Desktop\vue-keyBoard\packages\constants\key_code.js
FNF:0
FNH:0
DA:2,2
DA:9,2
DA:16,2
LF:3
LH:3
BRF:0
BRH:0
end_of_record
TN:
SF:C:\Users\chaun\Desktop\vue-keyBoard\packages\constants\pinyin_dict_note.js
FNF:0
FNH:0
LF:0
LH:0
BRF:0
BRH:0
end_of_record
TN:
SF:C:\Users\chaun\Desktop\vue-keyBoard\packages\directive\drag.js
FN:2,(anonymous_0)
FN:4,(anonymous_1)
FN:9,(anonymous_2)
FN:18,(anonymous_3)
FN:25,(anonymous_4)
FN:32,(anonymous_5)
FN:43,(anonymous_6)
FNF:7
FNH:1
FNDA:9,(anonymous_0)
FNDA:0,(anonymous_1)
FNDA:0,(anonymous_2)
FNDA:0,(anonymous_3)
FNDA:0,(anonymous_4)
FNDA:0,(anonymous_5)
FNDA:0,(anonymous_6)
DA:1,1
DA:4,9
DA:6,0
DA:7,0
DA:9,0
DA:11,0
DA:12,0
DA:15,0
DA:16,0
DA:18,0
DA:19,0
DA:20,0
DA:21,0
DA:25,9
DA:27,0
DA:28,0
DA:29,0
DA:30,0
DA:32,0
DA:33,0
DA:34,0
DA:36,0
DA:37,0
DA:40,0
DA:41,0
DA:43,0
DA:44,0
DA:45,0
DA:46,0
LF:29
LH:3
BRDA:27,0,0,0
BRDA:27,0,1,0
BRDA:28,1,0,0
BRDA:28,1,1,0
BRDA:33,2,0,0
BRDA:33,2,1,0
BRDA:34,3,0,0
BRDA:34,3,1,0
BRF:8
BRH:0
end_of_record
TN:
SF:C:\Users\chaun\Desktop\vue-keyBoard\packages\helper\axiosConfig.js
FN:9,(anonymous_0)
FNF:1
FNH:1
FNDA:11,(anonymous_0)
DA:3,1
DA:9,1
DA:11,11
DA:12,11
DA:13,11
LF:5
LH:5
BRF:0
BRH:0
end_of_record
TN:
SF:C:\Users\chaun\Desktop\vue-keyBoard\packages\libs\flexible.js
FN:2,(anonymous_0)
FN:69,refreshRem
FN:76,(anonymous_2)
FN:80,(anonymous_3)
FN:90,(anonymous_4)
FN:100,(anonymous_5)
FN:107,(anonymous_6)
FNF:7
FNH:3
FNDA:1,(anonymous_0)
FNDA:1,refreshRem
FNDA:0,(anonymous_2)
FNDA:1,(anonymous_3)
FNDA:0,(anonymous_4)
FNDA:0,(anonymous_5)
FNDA:0,(anonymous_6)
DA:2,1
DA:3,1
DA:4,1
DA:5,1
DA:6,1
DA:7,1
DA:8,1
DA:10,1
DA:12,1
DA:13,0
DA:14,0
DA:15,0
DA:16,0
DA:17,0
DA:19,1
DA:20,0
DA:21,0
DA:22,0
DA:23,0
DA:24,0
DA:25,0
DA:26,0
DA:28,0
DA:29,0
DA:30,0
DA:35,1
DA:36,1
DA:37,1
DA:38,1
DA:39,1
DA:41,0
DA:42,0
DA:43,0
DA:44,0
DA:46,0
DA:50,1
DA:52,1
DA:55,1
DA:56,1
DA:57,1
DA:58,1
DA:59,1
DA:60,1
DA:61,1
DA:63,0
DA:64,0
DA:65,0
DA:70,1
DA:71,1
DA:72,1
DA:73,1
DA:76,1
DA:77,0
DA:78,0
DA:80,1
DA:81,1
DA:82,0
DA:83,0
DA:87,1
DA:88,0
DA:90,1
DA:91,0
DA:96,1
DA:98,1
DA:99,1
DA:100,1
DA:101,0
DA:102,0
DA:103,0
DA:105,0
DA:107,1
DA:108,0
DA:109,0
DA:110,0
DA:112,0
LF:75
LH:38
BRDA:10,0,0,1
BRDA:10,0,1,1
BRDA:12,1,0,0
BRDA:12,1,1,1
BRDA:15,2,0,0
BRDA:15,2,1,0
BRDA:19,3,0,0
BRDA:19,3,1,1
BRDA:21,4,0,0
BRDA:21,4,1,0
BRDA:24,5,0,0
BRDA:24,5,1,0
BRDA:28,6,0,0
BRDA:28,6,1,0
BRDA:35,7,0,1
BRDA:35,7,1,0
BRDA:35,8,0,1
BRDA:35,8,1,1
BRDA:39,9,0,0
BRDA:39,9,1,1
BRDA:41,10,0,0
BRDA:41,10,1,0
BRDA:41,11,0,0
BRDA:41,11,1,0
BRDA:41,11,2,0
BRDA:43,12,0,0
BRDA:43,12,1,0
BRDA:43,13,0,0
BRDA:43,13,1,0
BRDA:43,13,2,0
BRDA:56,14,0,1
BRDA:56,14,1,0
BRDA:60,15,0,1
BRDA:60,15,1,0
BRDA:81,16,0,0
BRDA:81,16,1,1
BRDA:87,17,0,0
BRDA:87,17,1,1
BRDA:102,18,0,0
BRDA:102,18,1,0
BRDA:102,19,0,0
BRDA:102,19,1,0
BRDA:109,20,0,0
BRDA:109,20,1,0
BRDA:109,21,0,0
BRDA:109,21,1,0
BRDA:115,22,0,1
BRDA:115,22,1,1
BRF:48
BRH:14
end_of_record
TN:
SF:C:\Users\chaun\Desktop\vue-keyBoard\packages\server\index.js
FN:10,(anonymous_0)
FNF:1
FNH:1
FNDA:2,(anonymous_0)
DA:10,2
LF:1
LH:1
BRF:0
BRH:0
end_of_record
TN:
SF:C:\Users\chaun\Desktop\vue-keyBoard\packages\utils\index.js
FN:6,(anonymous_0)
FN:8,_deepCopy
FN:22,(anonymous_2)
FN:39,(anonymous_3)
FNF:4
FNH:4
FNDA:23,(anonymous_0)
FNDA:280,_deepCopy
FNDA:257,(anonymous_2)
FNDA:2,(anonymous_3)
DA:6,3
DA:7,23
DA:9,280
DA:10,176
DA:12,104
DA:13,201
DA:14,0
DA:17,104
DA:18,104
DA:19,22
DA:21,104
DA:22,104
DA:23,257
DA:24,0
DA:26,257
DA:28,104
DA:30,23
DA:39,3
DA:40,2
DA:41,2
DA:42,2
DA:43,3
DA:45,2
LF:23
LH:21
BRDA:9,0,0,176
BRDA:9,0,1,104
BRDA:9,1,0,280
BRDA:9,1,1,104
BRDA:13,2,0,0
BRDA:13,2,1,201
BRDA:18,3,0,22
BRDA:18,3,1,82
BRDA:23,4,0,0
BRDA:23,4,1,257
BRF:10
BRH:8
end_of_record
