TN:
SF:C:\Users\chaun\Desktop\vue-keyBoard\packages\keyBoard.vue
FN:64,(anonymous_1)
FN:85,(anonymous_2)
FN:90,(anonymous_3)
FN:94,(anonymous_4)
FN:100,(anonymous_5)
FN:114,(anonymous_6)
FN:118,(anonymous_7)
FN:124,(anonymous_8)
FN:127,(anonymous_9)
FN:130,(anonymous_10)
FN:136,(anonymous_11)
FN:142,(anonymous_12)
FN:148,(anonymous_13)
FN:150,(anonymous_14)
FN:156,(anonymous_15)
FN:161,(anonymous_16)
FN:172,(anonymous_17)
FN:173,(anonymous_18)
FN:192,(anonymous_19)
FN:207,(anonymous_20)
FN:212,(anonymous_21)
FN:214,(anonymous_22)
FN:219,(anonymous_23)
FN:227,(anonymous_24)
FN:228,(anonymous_25)
FNF:25
FNH:14
FNDA:12,(anonymous_1)
FNDA:12,(anonymous_2)
FNDA:0,(anonymous_3)
FNDA:0,(anonymous_4)
FNDA:12,(anonymous_5)
FNDA:12,(anonymous_6)
FNDA:492,(anonymous_7)
FNDA:12,(anonymous_8)
FNDA:59,(anonymous_9)
FNDA:59,(anonymous_10)
FNDA:8,(anonymous_11)
FNDA:1,(anonymous_12)
FNDA:8,(anonymous_13)
FNDA:8,(anonymous_14)
FNDA:2,(anonymous_15)
FNDA:1,(anonymous_16)
FNDA:0,(anonymous_17)
FNDA:0,(anonymous_18)
FNDA:0,(anonymous_19)
FNDA:0,(anonymous_20)
FNDA:0,(anonymous_21)
FNDA:0,(anonymous_22)
FNDA:0,(anonymous_23)
FNDA:0,(anonymous_24)
FNDA:0,(anonymous_25)
DA:38,1
DA:39,1
DA:40,1
DA:41,1
DA:42,1
DA:43,1
DA:44,1
DA:45,1
DA:46,1
DA:47,1
DA:51,1
DA:64,12
DA:86,12
DA:91,0
DA:92,0
DA:95,0
DA:101,12
DA:116,12
DA:118,12
DA:119,492
DA:126,12
DA:127,71
DA:130,12
DA:131,59
DA:132,59
DA:137,8
DA:138,8
DA:139,8
DA:143,1
DA:144,1
DA:145,1
DA:150,8
DA:151,8
DA:153,8
DA:156,2
DA:160,1
DA:161,1
DA:162,1
DA:165,1
DA:167,2
DA:170,0
DA:172,0
DA:173,0
DA:174,0
DA:178,0
DA:184,0
DA:187,6
DA:188,6
DA:193,0
DA:196,0
DA:198,0
DA:201,0
DA:203,0
DA:208,0
DA:209,0
DA:213,0
DA:214,0
DA:217,0
DA:219,0
DA:224,0
DA:228,0
DA:229,0
DA:230,0
LF:63
LH:39
BRDA:118,0,0,0
BRDA:118,0,1,12
BRDA:118,1,0,12
BRDA:118,1,1,12
BRDA:132,2,0,59
BRDA:132,2,1,55
BRDA:151,3,0,8
BRDA:151,3,1,16
BRDA:155,4,0,2
BRDA:155,4,1,0
BRDA:155,4,2,6
BRDA:156,5,0,1
BRDA:156,5,1,1
BRDA:156,6,0,2
BRDA:156,6,1,2
BRDA:162,7,0,1
BRDA:162,7,1,2
BRDA:172,8,0,0
BRDA:172,8,1,0
BRDA:194,9,0,0
BRDA:194,9,1,0
BRDA:219,10,0,0
BRDA:219,10,1,0
BRF:23
BRH:15
end_of_record
TN:
SF:C:\Users\chaun\Desktop\vue-keyBoard\packages\assets\css\keyBoard.less
FNF:0
FNH:0
DA:1,1
LF:1
LH:1
BRF:0
BRH:0
end_of_record
TN:
SF:C:\Users\chaun\Desktop\vue-keyBoard\packages\components\default\index.vue
FN:58,(anonymous_1)
FN:76,(anonymous_2)
FN:78,(anonymous_3)
FN:84,(anonymous_4)
FN:86,(anonymous_5)
FN:94,(anonymous_6)
FN:128,(anonymous_7)
FNF:7
FNH:7
FNDA:20,(anonymous_1)
FNDA:20,(anonymous_2)
FNDA:388,(anonymous_3)
FNDA:20,(anonymous_4)
FNDA:20,(anonymous_5)
FNDA:9,(anonymous_6)
FNDA:4,(anonymous_7)
DA:34,2
DA:52,2
DA:53,2
DA:54,2
DA:59,20
DA:77,20
DA:78,20
DA:79,388
DA:85,20
DA:86,20
DA:87,4
DA:95,9
DA:99,1
DA:100,1
DA:102,1
DA:106,1
DA:107,1
DA:109,1
DA:113,1
DA:115,1
DA:116,1
DA:119,1
DA:123,2
DA:124,2
DA:125,2
DA:126,2
DA:127,2
DA:128,4
DA:129,0
DA:130,0
DA:132,2
DA:138,0
DA:139,0
DA:146,2
DA:150,1
DA:151,1
DA:152,1
DA:153,1
DA:159,0
DA:160,0
DA:167,1
DA:173,2
DA:174,0
DA:175,0
DA:177,2
DA:178,1
DA:180,2
DA:186,2
DA:190,1
DA:191,1
DA:192,1
DA:195,0
DA:198,1
LF:53
LH:44
BRDA:78,0,0,10
BRDA:78,0,1,10
BRDA:78,1,0,20
BRDA:78,1,1,20
BRDA:86,2,0,4
BRDA:86,2,1,16
BRDA:86,3,0,20
BRDA:86,3,1,20
BRDA:97,4,0,1
BRDA:97,4,1,1
BRDA:97,4,2,1
BRDA:97,4,3,2
BRDA:97,4,4,1
BRDA:97,4,5,1
BRDA:97,4,6,2
BRDA:97,4,7,1
BRDA:115,5,0,1
BRDA:115,5,1,0
BRDA:115,6,0,1
BRDA:115,6,1,1
BRDA:116,7,0,2
BRDA:116,7,1,1
BRDA:125,8,0,2
BRDA:125,8,1,0
BRDA:126,9,0,4
BRDA:126,9,1,2
BRDA:128,10,0,0
BRDA:128,10,1,2
BRDA:138,11,0,0
BRDA:138,11,1,0
BRDA:151,12,0,1
BRDA:151,12,1,0
BRDA:152,13,0,2
BRDA:152,13,1,1
BRDA:159,14,0,0
BRDA:159,14,1,0
BRDA:173,15,0,0
BRDA:173,15,1,2
BRDA:173,16,0,2
BRDA:173,16,1,2
BRDA:173,16,2,1
BRDA:177,17,0,1
BRDA:177,17,1,1
BRDA:178,18,0,2
BRDA:178,18,1,1
BRDA:190,19,0,1
BRDA:190,19,1,0
BRDA:190,20,0,1
BRDA:190,20,1,1
BRDA:190,20,2,1
BRF:50
BRH:40
end_of_record
TN:
SF:C:\Users\chaun\Desktop\vue-keyBoard\packages\components\handBoards\index.vue
FN:26,(anonymous_1)
FN:52,(anonymous_2)
FNF:2
FNH:2
FNDA:8,(anonymous_1)
FNDA:4,(anonymous_2)
DA:21,2
DA:22,2
DA:27,8
DA:53,4
DA:57,1
DA:59,1
DA:63,1
DA:64,1
DA:66,1
DA:70,1
DA:72,1
DA:76,1
DA:81,1
LF:13
LH:13
BRDA:55,0,0,1
BRDA:55,0,1,1
BRDA:55,0,2,1
BRDA:55,0,3,1
BRDA:64,1,0,2
BRDA:64,1,1,1
BRF:6
BRH:6
end_of_record
TN:
SF:C:\Users\chaun\Desktop\vue-keyBoard\packages\components\handBoards\paintBoard.vue
FN:26,(anonymous_1)
FN:56,(anonymous_2)
FN:60,(anonymous_3)
FN:65,(anonymous_4)
FN:75,(anonymous_5)
FN:76,(anonymous_6)
FN:90,(anonymous_7)
FN:98,(anonymous_8)
FN:105,(anonymous_9)
FN:112,(anonymous_10)
FN:123,(anonymous_11)
FN:145,(anonymous_12)
FN:148,(anonymous_13)
FN:158,(anonymous_14)
FNF:14
FNH:13
FNDA:8,(anonymous_1)
FNDA:8,(anonymous_2)
FNDA:49,(anonymous_3)
FNDA:8,(anonymous_4)
FNDA:57,(anonymous_5)
FNDA:57,(anonymous_6)
FNDA:8,(anonymous_7)
FNDA:4,(anonymous_8)
FNDA:4,(anonymous_9)
FNDA:2,(anonymous_10)
FNDA:2,(anonymous_11)
FNDA:2,(anonymous_12)
FNDA:0,(anonymous_13)
FNDA:2,(anonymous_14)
DA:19,2
DA:27,8
DA:58,8
DA:60,8
DA:61,49
DA:66,8
DA:67,8
DA:68,8
DA:69,8
DA:70,8
DA:71,8
DA:72,8
DA:76,57
DA:77,64
DA:78,50
DA:79,50
DA:80,50
DA:81,50
DA:84,50
DA:91,8
DA:92,8
DA:93,8
DA:94,8
DA:95,8
DA:99,8
DA:100,0
DA:106,8
DA:107,0
DA:113,2
DA:114,2
DA:115,2
DA:116,2
DA:117,2
DA:118,2
DA:119,2
DA:120,2
DA:124,2
DA:125,2
DA:126,2
DA:127,2
DA:128,2
DA:129,2
DA:130,2
DA:131,2
DA:133,2
DA:134,2
DA:135,2
DA:136,2
DA:137,2
DA:138,2
DA:139,2
DA:140,2
DA:141,2
DA:146,2
DA:147,2
DA:148,2
DA:149,0
DA:152,2
DA:153,2
DA:154,2
DA:159,2
DA:160,0
LF:62
LH:58
BRDA:60,0,0,7
BRDA:60,0,1,1
BRDA:60,1,0,8
BRDA:60,1,1,8
BRDA:77,2,0,7
BRDA:77,2,1,50
BRDA:91,3,0,8
BRDA:91,3,1,16
BRDA:99,4,0,4
BRDA:99,4,1,0
BRDA:99,5,0,4
BRDA:99,5,1,4
BRDA:99,5,2,2
BRDA:100,6,0,0
BRDA:100,6,1,0
BRDA:106,7,0,4
BRDA:106,7,1,0
BRDA:106,8,0,4
BRDA:106,8,1,4
BRDA:106,8,2,2
BRDA:107,9,0,0
BRDA:107,9,1,0
BRDA:113,10,0,0
BRDA:113,10,1,2
BRDA:124,11,0,0
BRDA:124,11,1,2
BRDA:126,12,0,2
BRDA:126,12,1,0
BRDA:146,13,0,2
BRDA:146,13,1,0
BRDA:160,14,0,0
BRDA:160,14,1,0
BRF:32
BRH:20
end_of_record
TN:
SF:C:\Users\chaun\Desktop\vue-keyBoard\packages\components\keyCodeButtton\index.vue
FN:44,(anonymous_1)
FN:51,(anonymous_2)
FN:57,(anonymous_3)
FN:77,(anonymous_4)
FNF:4
FNH:4
FNDA:756,(anonymous_1)
FNDA:696,(anonymous_2)
FNDA:795,(anonymous_3)
FNDA:14,(anonymous_4)
DA:33,4
DA:45,756
DA:52,696
DA:53,30
DA:55,666
DA:58,795
DA:64,4
DA:69,791
DA:78,14
DA:79,14
LF:10
LH:10
BRDA:52,0,0,30
BRDA:52,0,1,666
BRDA:53,1,0,28
BRDA:53,1,1,2
BRDA:55,2,0,26
BRDA:55,2,1,640
BRDA:58,3,0,4
BRDA:58,3,1,791
BRDA:58,4,0,795
BRDA:58,4,1,28
BRDA:58,4,2,794
BRDA:58,4,3,8
BRDA:58,4,4,792
BRDA:58,4,5,28
BRDA:58,4,6,791
BRDA:80,5,0,0
BRDA:80,5,1,14
BRF:17
BRH:16
end_of_record
TN:
SF:C:\Users\chaun\Desktop\vue-keyBoard\packages\components\result\index.vue
FN:34,(anonymous_1)
FN:40,(anonymous_2)
FN:48,(anonymous_3)
FN:49,(anonymous_4)
FN:56,(anonymous_5)
FN:63,(anonymous_6)
FN:78,(anonymous_7)
FN:85,(anonymous_8)
FN:90,(anonymous_9)
FN:95,(anonymous_10)
FNF:10
FNH:5
FNDA:0,(anonymous_1)
FNDA:11,(anonymous_2)
FNDA:11,(anonymous_3)
FNDA:55,(anonymous_4)
FNDA:0,(anonymous_5)
FNDA:54,(anonymous_6)
FNDA:55,(anonymous_7)
FNDA:0,(anonymous_8)
FNDA:0,(anonymous_9)
FNDA:0,(anonymous_10)
DA:27,1
DA:35,0
DA:41,11
DA:49,11
DA:51,55
DA:52,55
DA:53,55
DA:56,11
DA:57,0
DA:58,0
DA:64,54
DA:65,54
DA:66,54
DA:67,54
DA:68,54
DA:71,0
DA:79,55
DA:80,55
DA:81,55
DA:82,55
DA:86,0
DA:87,0
DA:91,0
DA:92,0
DA:96,0
DA:97,0
LF:26
LH:16
BRDA:51,0,0,55
BRDA:51,0,1,110
BRDA:56,1,0,0
BRDA:56,1,1,11
BRDA:56,2,0,11
BRDA:56,2,1,11
BRDA:65,3,0,216
BRDA:65,3,1,216
BRDA:66,4,0,54
BRDA:66,4,1,0
BRDA:82,5,0,55
BRDA:82,5,1,110
BRDA:86,6,0,0
BRDA:86,6,1,0
BRDA:91,7,0,0
BRDA:91,7,1,0
BRF:16
BRH:10
end_of_record
TN:
SF:C:\Users\chaun\Desktop\vue-keyBoard\packages\components\svgIcon\svgIcon.vue
FN:27,(anonymous_1)
FNF:1
FNH:1
FNDA:98,(anonymous_1)
DA:28,98
LF:1
LH:1
BRF:0
BRH:0
end_of_record
TN:
SF:C:\Users\chaun\Desktop\vue-keyBoard\packages\constants\key_code.js
FNF:0
FNH:0
DA:2,2
DA:9,2
DA:16,2
LF:3
LH:3
BRF:0
BRH:0
end_of_record
TN:
SF:C:\Users\chaun\Desktop\vue-keyBoard\packages\constants\pinyin_dict_note.js
FNF:0
FNH:0
LF:0
LH:0
BRF:0
BRH:0
end_of_record
TN:
SF:C:\Users\chaun\Desktop\vue-keyBoard\packages\directive\drag.js
FN:2,(anonymous_0)
FN:4,(anonymous_1)
FN:9,(anonymous_2)
FN:18,(anonymous_3)
FN:25,(anonymous_4)
FN:32,(anonymous_5)
FN:43,(anonymous_6)
FNF:7
FNH:1
FNDA:10,(anonymous_0)
FNDA:0,(anonymous_1)
FNDA:0,(anonymous_2)
FNDA:0,(anonymous_3)
FNDA:0,(anonymous_4)
FNDA:0,(anonymous_5)
FNDA:0,(anonymous_6)
DA:1,1
DA:4,10
DA:6,0
DA:7,0
DA:9,0
DA:11,0
DA:12,0
DA:15,0
DA:16,0
DA:18,0
DA:19,0
DA:20,0
DA:21,0
DA:25,10
DA:27,0
DA:28,0
DA:29,0
DA:30,0
DA:32,0
DA:33,0
DA:34,0
DA:36,0
DA:37,0
DA:40,0
DA:41,0
DA:43,0
DA:44,0
DA:45,0
DA:46,0
LF:29
LH:3
BRDA:27,0,0,0
BRDA:27,0,1,0
BRDA:28,1,0,0
BRDA:28,1,1,0
BRDA:33,2,0,0
BRDA:33,2,1,0
BRDA:34,3,0,0
BRDA:34,3,1,0
BRF:8
BRH:0
end_of_record
TN:
SF:C:\Users\chaun\Desktop\vue-keyBoard\packages\helper\axiosConfig.js
FN:9,(anonymous_0)
FNF:1
FNH:1
FNDA:12,(anonymous_0)
DA:3,1
DA:9,1
DA:11,12
DA:12,12
DA:13,12
LF:5
LH:5
BRF:0
BRH:0
end_of_record
TN:
SF:C:\Users\chaun\Desktop\vue-keyBoard\packages\libs\flexible.js
FN:2,(anonymous_0)
FN:69,refreshRem
FN:76,(anonymous_2)
FN:80,(anonymous_3)
FN:90,(anonymous_4)
FN:100,(anonymous_5)
FN:107,(anonymous_6)
FNF:7
FNH:3
FNDA:1,(anonymous_0)
FNDA:1,refreshRem
FNDA:0,(anonymous_2)
FNDA:1,(anonymous_3)
FNDA:0,(anonymous_4)
FNDA:0,(anonymous_5)
FNDA:0,(anonymous_6)
DA:2,1
DA:3,1
DA:4,1
DA:5,1
DA:6,1
DA:7,1
DA:8,1
DA:10,1
DA:12,1
DA:13,0
DA:14,0
DA:15,0
DA:16,0
DA:17,0
DA:19,1
DA:20,0
DA:21,0
DA:22,0
DA:23,0
DA:24,0
DA:25,0
DA:26,0
DA:28,0
DA:29,0
DA:30,0
DA:35,1
DA:36,1
DA:37,1
DA:38,1
DA:39,1
DA:41,0
DA:42,0
DA:43,0
DA:44,0
DA:46,0
DA:50,1
DA:52,1
DA:55,1
DA:56,1
DA:57,1
DA:58,1
DA:59,1
DA:60,1
DA:61,1
DA:63,0
DA:64,0
DA:65,0
DA:70,1
DA:71,1
DA:72,1
DA:73,1
DA:76,1
DA:77,0
DA:78,0
DA:80,1
DA:81,1
DA:82,0
DA:83,0
DA:87,1
DA:88,0
DA:90,1
DA:91,0
DA:96,1
DA:98,1
DA:99,1
DA:100,1
DA:101,0
DA:102,0
DA:103,0
DA:105,0
DA:107,1
DA:108,0
DA:109,0
DA:110,0
DA:112,0
LF:75
LH:38
BRDA:10,0,0,1
BRDA:10,0,1,1
BRDA:12,1,0,0
BRDA:12,1,1,1
BRDA:15,2,0,0
BRDA:15,2,1,0
BRDA:19,3,0,0
BRDA:19,3,1,1
BRDA:21,4,0,0
BRDA:21,4,1,0
BRDA:24,5,0,0
BRDA:24,5,1,0
BRDA:28,6,0,0
BRDA:28,6,1,0
BRDA:35,7,0,1
BRDA:35,7,1,0
BRDA:35,8,0,1
BRDA:35,8,1,1
BRDA:39,9,0,0
BRDA:39,9,1,1
BRDA:41,10,0,0
BRDA:41,10,1,0
BRDA:41,11,0,0
BRDA:41,11,1,0
BRDA:41,11,2,0
BRDA:43,12,0,0
BRDA:43,12,1,0
BRDA:43,13,0,0
BRDA:43,13,1,0
BRDA:43,13,2,0
BRDA:56,14,0,1
BRDA:56,14,1,0
BRDA:60,15,0,1
BRDA:60,15,1,0
BRDA:81,16,0,0
BRDA:81,16,1,1
BRDA:87,17,0,0
BRDA:87,17,1,1
BRDA:102,18,0,0
BRDA:102,18,1,0
BRDA:102,19,0,0
BRDA:102,19,1,0
BRDA:109,20,0,0
BRDA:109,20,1,0
BRDA:109,21,0,0
BRDA:109,21,1,0
BRDA:115,22,0,1
BRDA:115,22,1,1
BRF:48
BRH:14
end_of_record
TN:
SF:C:\Users\chaun\Desktop\vue-keyBoard\packages\server\index.js
FN:10,(anonymous_0)
FNF:1
FNH:1
FNDA:2,(anonymous_0)
DA:10,2
LF:1
LH:1
BRF:0
BRH:0
end_of_record
TN:
SF:C:\Users\chaun\Desktop\vue-keyBoard\packages\utils\index.js
FN:6,(anonymous_0)
FN:8,_deepCopy
FN:22,(anonymous_2)
FN:39,(anonymous_3)
FNF:4
FNH:4
FNDA:24,(anonymous_0)
FNDA:293,_deepCopy
FNDA:269,(anonymous_2)
FNDA:2,(anonymous_3)
DA:6,3
DA:7,24
DA:9,293
DA:10,184
DA:12,109
DA:13,211
DA:14,0
DA:17,109
DA:18,109
DA:19,23
DA:21,109
DA:22,109
DA:23,269
DA:24,0
DA:26,269
DA:28,109
DA:30,24
DA:39,3
DA:40,2
DA:41,2
DA:42,2
DA:43,3
DA:45,2
LF:23
LH:21
BRDA:9,0,0,184
BRDA:9,0,1,109
BRDA:9,1,0,293
BRDA:9,1,1,109
BRDA:13,2,0,0
BRDA:13,2,1,211
BRDA:18,3,0,23
BRDA:18,3,1,86
BRDA:23,4,0,0
BRDA:23,4,1,269
BRF:10
BRH:8
end_of_record
